{
  "timestamp": 1757654614,
  "summary": {
    "total": 50,
    "passed": 34,
    "failed": 16,
    "timeouts": 0,
    "skipped": 0,
    "duration": 225.5991930961609,
    "integration_enabled": false
  },
  "results": {
    "local_drain_test.py": {
      "status": "PASS",
      "duration": 0.3025479316711426,
      "output": "============================= test session starts ==============================\ncollected 1 item\n\nlocal_drain_test.py .                                                    [100%]\n\n=============================== warnings summary ===============================\n../.pyenv/versions/3.13.0/lib/python3.13/site-packages/_pytest/config/__init__.py:1474\n  /Users/baileymahoney/.pyenv/versions/3.13.0/lib/python3.13/site-packages/_pytest/config/__init__.py:1474: PytestConfigWarning: Unknown config option: asyncio_mode\n  \n    self._warn_or_fail_if_strict(f\"Unknown config option: {key}\\n\")\n\n-- Docs: https://docs.pytest.org/en/stable/how-to/capture-warnings.html\n============================= slowest 25 durations =============================\n\n(3 durations < 0.005s hidden.  Use -vv to show these durations.)\n========================= 1 passed, 1 warning in 0.13s =========================\n",
      "error": "",
      "traceback": ""
    },
    "quick_test.py": {
      "status": "PASS",
      "duration": 0.11775708198547363,
      "output": "============================= test session starts ==============================\ncollected 1 item\n\nquick_test.py .                                                          [100%]\n\n=============================== warnings summary ===============================\n../.pyenv/versions/3.13.0/lib/python3.13/site-packages/_pytest/config/__init__.py:1474\n  /Users/baileymahoney/.pyenv/versions/3.13.0/lib/python3.13/site-packages/_pytest/config/__init__.py:1474: PytestConfigWarning: Unknown config option: asyncio_mode\n  \n    self._warn_or_fail_if_strict(f\"Unknown config option: {key}\\n\")\n\n-- Docs: https://docs.pytest.org/en/stable/how-to/capture-warnings.html\n============================= slowest 25 durations =============================\n\n(3 durations < 0.005s hidden.  Use -vv to show these durations.)\n========================= 1 passed, 1 warning in 0.01s =========================\n",
      "error": "",
      "traceback": ""
    },
    "scripts/run_unstaller_tests.py": {
      "status": "PASS",
      "duration": 0.1278541088104248,
      "output": "============================= test session starts ==============================\ncollected 1 item\n\nscripts/run_unstaller_tests.py .                                         [100%]\n\n=============================== warnings summary ===============================\n../.pyenv/versions/3.13.0/lib/python3.13/site-packages/_pytest/config/__init__.py:1474\n  /Users/baileymahoney/.pyenv/versions/3.13.0/lib/python3.13/site-packages/_pytest/config/__init__.py:1474: PytestConfigWarning: Unknown config option: asyncio_mode\n  \n    self._warn_or_fail_if_strict(f\"Unknown config option: {key}\\n\")\n\n-- Docs: https://docs.pytest.org/en/stable/how-to/capture-warnings.html\n============================= slowest 25 durations =============================\n\n(3 durations < 0.005s hidden.  Use -vv to show these durations.)\n========================= 1 passed, 1 warning in 0.01s =========================\n",
      "error": "",
      "traceback": ""
    },
    "simple_test.py": {
      "status": "PASS",
      "duration": 0.11523127555847168,
      "output": "============================= test session starts ==============================\ncollected 1 item\n\nsimple_test.py .                                                         [100%]\n\n=============================== warnings summary ===============================\n../.pyenv/versions/3.13.0/lib/python3.13/site-packages/_pytest/config/__init__.py:1474\n  /Users/baileymahoney/.pyenv/versions/3.13.0/lib/python3.13/site-packages/_pytest/config/__init__.py:1474: PytestConfigWarning: Unknown config option: asyncio_mode\n  \n    self._warn_or_fail_if_strict(f\"Unknown config option: {key}\\n\")\n\n-- Docs: https://docs.pytest.org/en/stable/how-to/capture-warnings.html\n============================= slowest 25 durations =============================\n\n(3 durations < 0.005s hidden.  Use -vv to show these durations.)\n========================= 1 passed, 1 warning in 0.01s =========================\n",
      "error": "",
      "traceback": ""
    },
    "test_alert_scenarios.py": {
      "status": "PASS",
      "duration": 0.22889089584350586,
      "output": "============================= test session starts ==============================\ncollected 1 item\n\ntest_alert_scenarios.py .                                                [100%]\n\n=============================== warnings summary ===============================\n../.pyenv/versions/3.13.0/lib/python3.13/site-packages/_pytest/config/__init__.py:1474\n  /Users/baileymahoney/.pyenv/versions/3.13.0/lib/python3.13/site-packages/_pytest/config/__init__.py:1474: PytestConfigWarning: Unknown config option: asyncio_mode\n  \n    self._warn_or_fail_if_strict(f\"Unknown config option: {key}\\n\")\n\ntest_alert_scenarios.py:19\n  /Users/baileymahoney/AgentForge/test_alert_scenarios.py:19: PytestCollectionWarning: cannot collect test class 'TestAlertScenarios' because it has a __init__ constructor (from: test_alert_scenarios.py)\n    class TestAlertScenarios:\n\n-- Docs: https://docs.pytest.org/en/stable/how-to/capture-warnings.html\n============================= slowest 25 durations =============================\n\n(3 durations < 0.005s hidden.  Use -vv to show these durations.)\n======================== 1 passed, 2 warnings in 0.10s =========================\n",
      "error": "",
      "traceback": ""
    },
    "test_isolated/test_minimal.py": {
      "status": "PASS",
      "duration": 1.1293320655822754,
      "output": "============================= test session starts ==============================\ncollected 3 items\n\ntest_isolated/test_minimal.py ..s                                        [100%]\n\n=========================== short test summary info ============================\nSKIPPED [1] test_isolated/test_minimal.py:17: Intentional failure test - skipped for harness validation\n========================= 2 passed, 1 skipped in 1.01s =========================\n",
      "error": "",
      "traceback": ""
    },
    "test_jetstream_metrics.py": {
      "status": "FAIL",
      "duration": 0.2698960304260254,
      "output": "============================= test session starts ==============================\ncollected 1 item\n\ntest_jetstream_metrics.py F                                              [100%]\n\n=================================== FAILURES ===================================\n__________________________ test_jetstream_operations ___________________________\nasync def functions are not natively supported.\nYou need to install a suitable plugin for your async framework, for example:\n  - anyio\n  - pytest-asyncio\n  - pytest-tornasync\n  - pytest-trio\n  - pytest-twisted\n=============================== warnings summary ===============================\n../.pyenv/versions/3.13.0/lib/python3.13/site-packages/_pytest/config/__init__.py:1474\n  /Users/baileymahoney/.pyenv/versions/3.13.0/lib/python3.13/site-packages/_pytest/config/__init__.py:1474: PytestConfigWarning: Unknown config option: asyncio_mode\n  \n    self._warn_or_fail_if_strict(f\"Unknown config option: {key}\\n\")\n\n-- Docs: https://docs.pytest.org/en/stable/how-to/capture-warnings.html\n============================= slowest 25 durations =============================\n\n(3 durations < 0.005s hidden.  Use -vv to show these durations.)\n=========================== short test summary info ============================\nFAILED test_jetstream_metrics.py::test_jetstream_operations - Failed: async d...\n========================= 1 failed, 1 warning in 0.10s =========================\n",
      "error": "",
      "traceback": ""
    },
    "test_minimal.py": {
      "status": "PASS",
      "duration": 1.1432950496673584,
      "output": "============================= test session starts ==============================\ncollected 3 items\n\ntest_minimal.py ..s                                                      [100%]\n\n=============================== warnings summary ===============================\n../.pyenv/versions/3.13.0/lib/python3.13/site-packages/_pytest/config/__init__.py:1474\n  /Users/baileymahoney/.pyenv/versions/3.13.0/lib/python3.13/site-packages/_pytest/config/__init__.py:1474: PytestConfigWarning: Unknown config option: asyncio_mode\n  \n    self._warn_or_fail_if_strict(f\"Unknown config option: {key}\\n\")\n\n-- Docs: https://docs.pytest.org/en/stable/how-to/capture-warnings.html\n============================= slowest 25 durations =============================\n1.00s call     test_minimal.py::test_slow_pass\n\n(7 durations < 0.005s hidden.  Use -vv to show these durations.)\n=========================== short test summary info ============================\nSKIPPED [1] test_minimal.py:17: Intentional failure test - skipped for harness validation\n=================== 2 passed, 1 skipped, 1 warning in 1.02s ====================\n",
      "error": "",
      "traceback": ""
    },
    "test_nats_connectivity.py": {
      "status": "PASS",
      "duration": 0.22276782989501953,
      "output": "============================= test session starts ==============================\ncollected 1 item\n\ntest_nats_connectivity.py .                                              [100%]\n\n=============================== warnings summary ===============================\n../.pyenv/versions/3.13.0/lib/python3.13/site-packages/_pytest/config/__init__.py:1474\n  /Users/baileymahoney/.pyenv/versions/3.13.0/lib/python3.13/site-packages/_pytest/config/__init__.py:1474: PytestConfigWarning: Unknown config option: asyncio_mode\n  \n    self._warn_or_fail_if_strict(f\"Unknown config option: {key}\\n\")\n\n-- Docs: https://docs.pytest.org/en/stable/how-to/capture-warnings.html\n============================= slowest 25 durations =============================\n\n(3 durations < 0.005s hidden.  Use -vv to show these durations.)\n========================= 1 passed, 1 warning in 0.07s =========================\n",
      "error": "",
      "traceback": ""
    },
    "test_prometheus_rules.py": {
      "status": "PASS",
      "duration": 0.16676092147827148,
      "output": "============================= test session starts ==============================\ncollected 1 item\n\ntest_prometheus_rules.py .                                               [100%]\n\n=============================== warnings summary ===============================\n../.pyenv/versions/3.13.0/lib/python3.13/site-packages/_pytest/config/__init__.py:1474\n  /Users/baileymahoney/.pyenv/versions/3.13.0/lib/python3.13/site-packages/_pytest/config/__init__.py:1474: PytestConfigWarning: Unknown config option: asyncio_mode\n  \n    self._warn_or_fail_if_strict(f\"Unknown config option: {key}\\n\")\n\ntest_prometheus_rules.py:13\n  /Users/baileymahoney/AgentForge/test_prometheus_rules.py:13: PytestCollectionWarning: cannot collect test class 'TestPrometheusRules' because it has a __init__ constructor (from: test_prometheus_rules.py)\n    class TestPrometheusRules:\n\n-- Docs: https://docs.pytest.org/en/stable/how-to/capture-warnings.html\n============================= slowest 25 durations =============================\n\n(3 durations < 0.005s hidden.  Use -vv to show these durations.)\n======================== 1 passed, 2 warnings in 0.05s =========================\n",
      "error": "",
      "traceback": ""
    },
    "tests/conftest.py": {
      "status": "FAIL",
      "duration": 0.31576991081237793,
      "output": "============================= test session starts ==============================\ncollected 0 items\n\n=============================== warnings summary ===============================\n../.pyenv/versions/3.13.0/lib/python3.13/site-packages/_pytest/config/__init__.py:1474\n  /Users/baileymahoney/.pyenv/versions/3.13.0/lib/python3.13/site-packages/_pytest/config/__init__.py:1474: PytestConfigWarning: Unknown config option: asyncio_mode\n  \n    self._warn_or_fail_if_strict(f\"Unknown config option: {key}\\n\")\n\n-- Docs: https://docs.pytest.org/en/stable/how-to/capture-warnings.html\n============================== 1 warning in 0.02s ==============================\n",
      "error": "",
      "traceback": ""
    },
    "tests/test_anthropic.py": {
      "status": "PASS",
      "duration": 0.6405539512634277,
      "output": "============================= test session starts ==============================\ncollected 1 item\n\ntests/test_anthropic.py .                                                [100%]\n\n=============================== warnings summary ===============================\n../.pyenv/versions/3.13.0/lib/python3.13/site-packages/_pytest/config/__init__.py:1474\n  /Users/baileymahoney/.pyenv/versions/3.13.0/lib/python3.13/site-packages/_pytest/config/__init__.py:1474: PytestConfigWarning: Unknown config option: asyncio_mode\n  \n    self._warn_or_fail_if_strict(f\"Unknown config option: {key}\\n\")\n\n-- Docs: https://docs.pytest.org/en/stable/how-to/capture-warnings.html\n============================= slowest 25 durations =============================\n0.03s call     tests/test_anthropic.py::test_anthropic_client_constructs\n\n(2 durations < 0.005s hidden.  Use -vv to show these durations.)\n========================= 1 passed, 1 warning in 0.29s =========================\n",
      "error": "",
      "traceback": ""
    },
    "tests/test_api_job_status.py": {
      "status": "FAIL",
      "duration": 12.890853881835938,
      "output": "============================= test session starts ==============================\ncollected 1 item / 1 deselected / 0 selected\n\n=============================== warnings summary ===============================\n../.pyenv/versions/3.13.0/lib/python3.13/site-packages/_pytest/config/__init__.py:1474\n  /Users/baileymahoney/.pyenv/versions/3.13.0/lib/python3.13/site-packages/_pytest/config/__init__.py:1474: PytestConfigWarning: Unknown config option: asyncio_mode\n  \n    self._warn_or_fail_if_strict(f\"Unknown config option: {key}\\n\")\n\n../.pyenv/versions/3.13.0/lib/python3.13/site-packages/pydantic/v1/typing.py:68: 16 warnings\n  /Users/baileymahoney/.pyenv/versions/3.13.0/lib/python3.13/site-packages/pydantic/v1/typing.py:68: DeprecationWarning: Failing to pass a value to the 'type_params' parameter of 'typing.ForwardRef._evaluate' is deprecated, as it leads to incorrect behaviour when calling typing.ForwardRef._evaluate on a stringified annotation that references a PEP 695 type parameter. It will be disallowed in Python 3.15.\n    return cast(Any, type_)._evaluate(globalns, localns, recursive_guard=set())\n\n<frozen importlib._bootstrap>:488\n  <frozen importlib._bootstrap>:488: DeprecationWarning: Type google._upb._message.MessageMapContainer uses PyType_Spec with a metaclass that has custom tp_new. This is deprecated and will no longer be allowed in Python 3.14.\n\n<frozen importlib._bootstrap>:488\n  <frozen importlib._bootstrap>:488: DeprecationWarning: Type google._upb._message.ScalarMapContainer uses PyType_Spec with a metaclass that has custom tp_new. This is deprecated and will no longer be allowed in Python 3.14.\n\nswarm/api/main.py:549\n  /Users/baileymahoney/AgentForge/swarm/api/main.py:549: DeprecationWarning: \n          on_event is deprecated, use lifespan event handlers instead.\n  \n          Read more about it in the\n          [FastAPI docs for Lifespan Events](https://fastapi.tiangolo.com/advanced/events/).\n          \n    @app.on_event(\"startup\")\n\n../.pyenv/versions/3.13.0/lib/python3.13/site-packages/fastapi/applications.py:4495\n  /Users/baileymahoney/.pyenv/versions/3.13.0/lib/python3.13/site-packages/fastapi/applications.py:4495: DeprecationWarning: \n          on_event is deprecated, use lifespan event handlers instead.\n  \n          Read more about it in the\n          [FastAPI docs for Lifespan Events](https://fastapi.tiangolo.com/advanced/events/).\n          \n    return self.router.on_event(event_type)\n\n-- Docs: https://docs.pytest.org/en/stable/how-to/capture-warnings.html\n===================== 1 deselected, 21 warnings in 11.35s ======================\n",
      "error": "",
      "traceback": ""
    },
    "tests/test_approval.py": {
      "status": "PASS",
      "duration": 12.613716125488281,
      "output": "============================= test session starts ==============================\ncollected 4 items\n\ntests/test_approval.py ....                                              [100%]\n\n=============================== warnings summary ===============================\n../.pyenv/versions/3.13.0/lib/python3.13/site-packages/_pytest/config/__init__.py:1474\n  /Users/baileymahoney/.pyenv/versions/3.13.0/lib/python3.13/site-packages/_pytest/config/__init__.py:1474: PytestConfigWarning: Unknown config option: asyncio_mode\n  \n    self._warn_or_fail_if_strict(f\"Unknown config option: {key}\\n\")\n\n../.pyenv/versions/3.13.0/lib/python3.13/site-packages/pydantic/v1/typing.py:68: 16 warnings\n  /Users/baileymahoney/.pyenv/versions/3.13.0/lib/python3.13/site-packages/pydantic/v1/typing.py:68: DeprecationWarning: Failing to pass a value to the 'type_params' parameter of 'typing.ForwardRef._evaluate' is deprecated, as it leads to incorrect behaviour when calling typing.ForwardRef._evaluate on a stringified annotation that references a PEP 695 type parameter. It will be disallowed in Python 3.15.\n    return cast(Any, type_)._evaluate(globalns, localns, recursive_guard=set())\n\n<frozen importlib._bootstrap>:488\n  <frozen importlib._bootstrap>:488: DeprecationWarning: Type google._upb._message.MessageMapContainer uses PyType_Spec with a metaclass that has custom tp_new. This is deprecated and will no longer be allowed in Python 3.14.\n\n<frozen importlib._bootstrap>:488\n  <frozen importlib._bootstrap>:488: DeprecationWarning: Type google._upb._message.ScalarMapContainer uses PyType_Spec with a metaclass that has custom tp_new. This is deprecated and will no longer be allowed in Python 3.14.\n\nswarm/api/main.py:549\n  /Users/baileymahoney/AgentForge/swarm/api/main.py:549: DeprecationWarning: \n          on_event is deprecated, use lifespan event handlers instead.\n  \n          Read more about it in the\n          [FastAPI docs for Lifespan Events](https://fastapi.tiangolo.com/advanced/events/).\n          \n    @app.on_event(\"startup\")\n\n../.pyenv/versions/3.13.0/lib/python3.13/site-packages/fastapi/applications.py:4495\n  /Users/baileymahoney/.pyenv/versions/3.13.0/lib/python3.13/site-packages/fastapi/applications.py:4495: DeprecationWarning: \n          on_event is deprecated, use lifespan event handlers instead.\n  \n          Read more about it in the\n          [FastAPI docs for Lifespan Events](https://fastapi.tiangolo.com/advanced/events/).\n          \n    return self.router.on_event(event_type)\n\n-- Docs: https://docs.pytest.org/en/stable/how-to/capture-warnings.html\n============================= slowest 25 durations =============================\n0.02s call     tests/test_approval.py::test_evidence_bundle_endpoint\n\n(11 durations < 0.005s hidden.  Use -vv to show these durations.)\n======================= 4 passed, 21 warnings in 10.94s ========================\n",
      "error": "",
      "traceback": ""
    },
    "tests/test_async_dispatch.py": {
      "status": "FAIL",
      "duration": 12.079727172851562,
      "output": "============================= test session starts ==============================\ncollected 6 items / 2 deselected / 4 selected\n\ntests/test_async_dispatch.py ...F                                        [100%]\n\n=================================== FAILURES ===================================\n_________________ test_adaptive_batch_growth_and_latency_guard _________________\nasync def functions are not natively supported.\nYou need to install a suitable plugin for your async framework, for example:\n  - anyio\n  - pytest-asyncio\n  - pytest-tornasync\n  - pytest-trio\n  - pytest-twisted\n=============================== warnings summary ===============================\n../.pyenv/versions/3.13.0/lib/python3.13/site-packages/_pytest/config/__init__.py:1474\n  /Users/baileymahoney/.pyenv/versions/3.13.0/lib/python3.13/site-packages/_pytest/config/__init__.py:1474: PytestConfigWarning: Unknown config option: asyncio_mode\n  \n    self._warn_or_fail_if_strict(f\"Unknown config option: {key}\\n\")\n\n../.pyenv/versions/3.13.0/lib/python3.13/site-packages/pydantic/v1/typing.py:68: 16 warnings\n  /Users/baileymahoney/.pyenv/versions/3.13.0/lib/python3.13/site-packages/pydantic/v1/typing.py:68: DeprecationWarning: Failing to pass a value to the 'type_params' parameter of 'typing.ForwardRef._evaluate' is deprecated, as it leads to incorrect behaviour when calling typing.ForwardRef._evaluate on a stringified annotation that references a PEP 695 type parameter. It will be disallowed in Python 3.15.\n    return cast(Any, type_)._evaluate(globalns, localns, recursive_guard=set())\n\n<frozen importlib._bootstrap>:488\n  <frozen importlib._bootstrap>:488: DeprecationWarning: Type google._upb._message.MessageMapContainer uses PyType_Spec with a metaclass that has custom tp_new. This is deprecated and will no longer be allowed in Python 3.14.\n\n<frozen importlib._bootstrap>:488\n  <frozen importlib._bootstrap>:488: DeprecationWarning: Type google._upb._message.ScalarMapContainer uses PyType_Spec with a metaclass that has custom tp_new. This is deprecated and will no longer be allowed in Python 3.14.\n\ntests/test_async_dispatch.py::test_submit_job_temporal_dispatch\n  /Users/baileymahoney/AgentForge/swarm/api/main.py:549: DeprecationWarning: \n          on_event is deprecated, use lifespan event handlers instead.\n  \n          Read more about it in the\n          [FastAPI docs for Lifespan Events](https://fastapi.tiangolo.com/advanced/events/).\n          \n    @app.on_event(\"startup\")\n\ntests/test_async_dispatch.py::test_submit_job_temporal_dispatch\n  /Users/baileymahoney/.pyenv/versions/3.13.0/lib/python3.13/site-packages/fastapi/applications.py:4495: DeprecationWarning: \n          on_event is deprecated, use lifespan event handlers instead.\n  \n          Read more about it in the\n          [FastAPI docs for Lifespan Events](https://fastapi.tiangolo.com/advanced/events/).\n          \n    return self.router.on_event(event_type)\n\n-- Docs: https://docs.pytest.org/en/stable/how-to/capture-warnings.html\n============================= slowest 25 durations =============================\n0.05s call     tests/test_async_dispatch.py::test_submit_job_temporal_dispatch\n\n(11 durations < 0.005s hidden.  Use -vv to show these durations.)\n=========================== short test summary info ============================\nFAILED tests/test_async_dispatch.py::test_adaptive_batch_growth_and_latency_guard\n=========== 1 failed, 3 passed, 2 deselected, 21 warnings in 10.53s ============\n",
      "error": "",
      "traceback": ""
    },
    "tests/test_bearer_security.py": {
      "status": "FAIL",
      "duration": 11.969361782073975,
      "output": "============================= test session starts ==============================\ncollected 2 items / 2 deselected / 0 selected\n\n=============================== warnings summary ===============================\n../.pyenv/versions/3.13.0/lib/python3.13/site-packages/_pytest/config/__init__.py:1474\n  /Users/baileymahoney/.pyenv/versions/3.13.0/lib/python3.13/site-packages/_pytest/config/__init__.py:1474: PytestConfigWarning: Unknown config option: asyncio_mode\n  \n    self._warn_or_fail_if_strict(f\"Unknown config option: {key}\\n\")\n\n../.pyenv/versions/3.13.0/lib/python3.13/site-packages/pydantic/v1/typing.py:68: 16 warnings\n  /Users/baileymahoney/.pyenv/versions/3.13.0/lib/python3.13/site-packages/pydantic/v1/typing.py:68: DeprecationWarning: Failing to pass a value to the 'type_params' parameter of 'typing.ForwardRef._evaluate' is deprecated, as it leads to incorrect behaviour when calling typing.ForwardRef._evaluate on a stringified annotation that references a PEP 695 type parameter. It will be disallowed in Python 3.15.\n    return cast(Any, type_)._evaluate(globalns, localns, recursive_guard=set())\n\n<frozen importlib._bootstrap>:488\n  <frozen importlib._bootstrap>:488: DeprecationWarning: Type google._upb._message.MessageMapContainer uses PyType_Spec with a metaclass that has custom tp_new. This is deprecated and will no longer be allowed in Python 3.14.\n\n<frozen importlib._bootstrap>:488\n  <frozen importlib._bootstrap>:488: DeprecationWarning: Type google._upb._message.ScalarMapContainer uses PyType_Spec with a metaclass that has custom tp_new. This is deprecated and will no longer be allowed in Python 3.14.\n\nswarm/api/main.py:549\n  /Users/baileymahoney/AgentForge/swarm/api/main.py:549: DeprecationWarning: \n          on_event is deprecated, use lifespan event handlers instead.\n  \n          Read more about it in the\n          [FastAPI docs for Lifespan Events](https://fastapi.tiangolo.com/advanced/events/).\n          \n    @app.on_event(\"startup\")\n\n../.pyenv/versions/3.13.0/lib/python3.13/site-packages/fastapi/applications.py:4495\n  /Users/baileymahoney/.pyenv/versions/3.13.0/lib/python3.13/site-packages/fastapi/applications.py:4495: DeprecationWarning: \n          on_event is deprecated, use lifespan event handlers instead.\n  \n          Read more about it in the\n          [FastAPI docs for Lifespan Events](https://fastapi.tiangolo.com/advanced/events/).\n          \n    return self.router.on_event(event_type)\n\n-- Docs: https://docs.pytest.org/en/stable/how-to/capture-warnings.html\n===================== 2 deselected, 21 warnings in 10.43s ======================\n",
      "error": "",
      "traceback": ""
    },
    "tests/test_canary_eval_latency_budget.py": {
      "status": "PASS",
      "duration": 12.115455865859985,
      "output": "============================= test session starts ==============================\ncollected 1 item\n\ntests/test_canary_eval_latency_budget.py .                               [100%]\n\n=============================== warnings summary ===============================\n../.pyenv/versions/3.13.0/lib/python3.13/site-packages/_pytest/config/__init__.py:1474\n  /Users/baileymahoney/.pyenv/versions/3.13.0/lib/python3.13/site-packages/_pytest/config/__init__.py:1474: PytestConfigWarning: Unknown config option: asyncio_mode\n  \n    self._warn_or_fail_if_strict(f\"Unknown config option: {key}\\n\")\n\n../.pyenv/versions/3.13.0/lib/python3.13/site-packages/pydantic/v1/typing.py:68: 16 warnings\n  /Users/baileymahoney/.pyenv/versions/3.13.0/lib/python3.13/site-packages/pydantic/v1/typing.py:68: DeprecationWarning: Failing to pass a value to the 'type_params' parameter of 'typing.ForwardRef._evaluate' is deprecated, as it leads to incorrect behaviour when calling typing.ForwardRef._evaluate on a stringified annotation that references a PEP 695 type parameter. It will be disallowed in Python 3.15.\n    return cast(Any, type_)._evaluate(globalns, localns, recursive_guard=set())\n\n<frozen importlib._bootstrap>:488\n  <frozen importlib._bootstrap>:488: DeprecationWarning: Type google._upb._message.MessageMapContainer uses PyType_Spec with a metaclass that has custom tp_new. This is deprecated and will no longer be allowed in Python 3.14.\n\n<frozen importlib._bootstrap>:488\n  <frozen importlib._bootstrap>:488: DeprecationWarning: Type google._upb._message.ScalarMapContainer uses PyType_Spec with a metaclass that has custom tp_new. This is deprecated and will no longer be allowed in Python 3.14.\n\nswarm/api/main.py:549\n  /Users/baileymahoney/AgentForge/swarm/api/main.py:549: DeprecationWarning: \n          on_event is deprecated, use lifespan event handlers instead.\n  \n          Read more about it in the\n          [FastAPI docs for Lifespan Events](https://fastapi.tiangolo.com/advanced/events/).\n          \n    @app.on_event(\"startup\")\n\n../.pyenv/versions/3.13.0/lib/python3.13/site-packages/fastapi/applications.py:4495\n  /Users/baileymahoney/.pyenv/versions/3.13.0/lib/python3.13/site-packages/fastapi/applications.py:4495: DeprecationWarning: \n          on_event is deprecated, use lifespan event handlers instead.\n  \n          Read more about it in the\n          [FastAPI docs for Lifespan Events](https://fastapi.tiangolo.com/advanced/events/).\n          \n    return self.router.on_event(event_type)\n\n-- Docs: https://docs.pytest.org/en/stable/how-to/capture-warnings.html\n============================= slowest 25 durations =============================\n0.01s call     tests/test_canary_eval_latency_budget.py::test_canary_eval_latency_budget_violation\n\n(2 durations < 0.005s hidden.  Use -vv to show these durations.)\n======================= 1 passed, 21 warnings in 10.53s ========================\n",
      "error": "",
      "traceback": ""
    },
    "tests/test_canary_restoration.py": {
      "status": "PASS",
      "duration": 0.7522430419921875,
      "output": "============================= test session starts ==============================\ncollected 1 item\n\ntests/test_canary_restoration.py .                                       [100%]\n\n=============================== warnings summary ===============================\n../.pyenv/versions/3.13.0/lib/python3.13/site-packages/_pytest/config/__init__.py:1474\n  /Users/baileymahoney/.pyenv/versions/3.13.0/lib/python3.13/site-packages/_pytest/config/__init__.py:1474: PytestConfigWarning: Unknown config option: asyncio_mode\n  \n    self._warn_or_fail_if_strict(f\"Unknown config option: {key}\\n\")\n\n-- Docs: https://docs.pytest.org/en/stable/how-to/capture-warnings.html\n============================= slowest 25 durations =============================\n0.01s call     tests/test_canary_restoration.py::test_canary_restoration\n\n(2 durations < 0.005s hidden.  Use -vv to show these durations.)\n========================= 1 passed, 1 warning in 0.34s =========================\n",
      "error": "",
      "traceback": ""
    },
    "tests/test_canary_router.py": {
      "status": "PASS",
      "duration": 0.5645020008087158,
      "output": "============================= test session starts ==============================\ncollected 2 items\n\ntests/test_canary_router.py ..                                           [100%]\n\n=============================== warnings summary ===============================\n../.pyenv/versions/3.13.0/lib/python3.13/site-packages/_pytest/config/__init__.py:1474\n  /Users/baileymahoney/.pyenv/versions/3.13.0/lib/python3.13/site-packages/_pytest/config/__init__.py:1474: PytestConfigWarning: Unknown config option: asyncio_mode\n  \n    self._warn_or_fail_if_strict(f\"Unknown config option: {key}\\n\")\n\n-- Docs: https://docs.pytest.org/en/stable/how-to/capture-warnings.html\n============================= slowest 25 durations =============================\n\n(6 durations < 0.005s hidden.  Use -vv to show these durations.)\n========================= 2 passed, 1 warning in 0.28s =========================\n",
      "error": "",
      "traceback": ""
    },
    "tests/test_capabilities.py": {
      "status": "PASS",
      "duration": 6.762840032577515,
      "output": "============================= test session starts ==============================\ncollected 1 item\n\ntests/test_capabilities.py .                                             [100%]\n\n=============================== warnings summary ===============================\n../.pyenv/versions/3.13.0/lib/python3.13/site-packages/_pytest/config/__init__.py:1474\n  /Users/baileymahoney/.pyenv/versions/3.13.0/lib/python3.13/site-packages/_pytest/config/__init__.py:1474: PytestConfigWarning: Unknown config option: asyncio_mode\n  \n    self._warn_or_fail_if_strict(f\"Unknown config option: {key}\\n\")\n\n-- Docs: https://docs.pytest.org/en/stable/how-to/capture-warnings.html\n============================= slowest 25 durations =============================\n\n(3 durations < 0.005s hidden.  Use -vv to show these durations.)\n========================= 1 passed, 1 warning in 6.47s =========================\n",
      "error": "",
      "traceback": ""
    },
    "tests/test_cost_accounting.py": {
      "status": "PASS",
      "duration": 0.3114011287689209,
      "output": "============================= test session starts ==============================\ncollected 2 items\n\ntests/test_cost_accounting.py ..                                         [100%]\n\n=============================== warnings summary ===============================\n../.pyenv/versions/3.13.0/lib/python3.13/site-packages/_pytest/config/__init__.py:1474\n  /Users/baileymahoney/.pyenv/versions/3.13.0/lib/python3.13/site-packages/_pytest/config/__init__.py:1474: PytestConfigWarning: Unknown config option: asyncio_mode\n  \n    self._warn_or_fail_if_strict(f\"Unknown config option: {key}\\n\")\n\n-- Docs: https://docs.pytest.org/en/stable/how-to/capture-warnings.html\n============================= slowest 25 durations =============================\n\n(6 durations < 0.005s hidden.  Use -vv to show these durations.)\n========================= 2 passed, 1 warning in 0.09s =========================\n",
      "error": "",
      "traceback": ""
    },
    "tests/test_critic_healer.py": {
      "status": "FAIL",
      "duration": 12.124005794525146,
      "output": "============================= test session starts ==============================\ncollected 1 item / 1 deselected / 0 selected\n\n=============================== warnings summary ===============================\n../.pyenv/versions/3.13.0/lib/python3.13/site-packages/_pytest/config/__init__.py:1474\n  /Users/baileymahoney/.pyenv/versions/3.13.0/lib/python3.13/site-packages/_pytest/config/__init__.py:1474: PytestConfigWarning: Unknown config option: asyncio_mode\n  \n    self._warn_or_fail_if_strict(f\"Unknown config option: {key}\\n\")\n\n../.pyenv/versions/3.13.0/lib/python3.13/site-packages/pydantic/v1/typing.py:68: 16 warnings\n  /Users/baileymahoney/.pyenv/versions/3.13.0/lib/python3.13/site-packages/pydantic/v1/typing.py:68: DeprecationWarning: Failing to pass a value to the 'type_params' parameter of 'typing.ForwardRef._evaluate' is deprecated, as it leads to incorrect behaviour when calling typing.ForwardRef._evaluate on a stringified annotation that references a PEP 695 type parameter. It will be disallowed in Python 3.15.\n    return cast(Any, type_)._evaluate(globalns, localns, recursive_guard=set())\n\n<frozen importlib._bootstrap>:488\n  <frozen importlib._bootstrap>:488: DeprecationWarning: Type google._upb._message.MessageMapContainer uses PyType_Spec with a metaclass that has custom tp_new. This is deprecated and will no longer be allowed in Python 3.14.\n\n<frozen importlib._bootstrap>:488\n  <frozen importlib._bootstrap>:488: DeprecationWarning: Type google._upb._message.ScalarMapContainer uses PyType_Spec with a metaclass that has custom tp_new. This is deprecated and will no longer be allowed in Python 3.14.\n\nswarm/api/main.py:549\n  /Users/baileymahoney/AgentForge/swarm/api/main.py:549: DeprecationWarning: \n          on_event is deprecated, use lifespan event handlers instead.\n  \n          Read more about it in the\n          [FastAPI docs for Lifespan Events](https://fastapi.tiangolo.com/advanced/events/).\n          \n    @app.on_event(\"startup\")\n\n../.pyenv/versions/3.13.0/lib/python3.13/site-packages/fastapi/applications.py:4495\n  /Users/baileymahoney/.pyenv/versions/3.13.0/lib/python3.13/site-packages/fastapi/applications.py:4495: DeprecationWarning: \n          on_event is deprecated, use lifespan event handlers instead.\n  \n          Read more about it in the\n          [FastAPI docs for Lifespan Events](https://fastapi.tiangolo.com/advanced/events/).\n          \n    return self.router.on_event(event_type)\n\n-- Docs: https://docs.pytest.org/en/stable/how-to/capture-warnings.html\n===================== 1 deselected, 21 warnings in 10.60s ======================\n",
      "error": "",
      "traceback": ""
    },
    "tests/test_drift.py": {
      "status": "PASS",
      "duration": 0.5855510234832764,
      "output": "============================= test session starts ==============================\ncollected 3 items\n\ntests/test_drift.py ...                                                  [100%]\n\n=============================== warnings summary ===============================\n../.pyenv/versions/3.13.0/lib/python3.13/site-packages/_pytest/config/__init__.py:1474\n  /Users/baileymahoney/.pyenv/versions/3.13.0/lib/python3.13/site-packages/_pytest/config/__init__.py:1474: PytestConfigWarning: Unknown config option: asyncio_mode\n  \n    self._warn_or_fail_if_strict(f\"Unknown config option: {key}\\n\")\n\n-- Docs: https://docs.pytest.org/en/stable/how-to/capture-warnings.html\n============================= slowest 25 durations =============================\n\n(9 durations < 0.005s hidden.  Use -vv to show these durations.)\n========================= 3 passed, 1 warning in 0.21s =========================\n",
      "error": "",
      "traceback": ""
    },
    "tests/test_e2e_policy.py": {
      "status": "PASS",
      "duration": 12.329560041427612,
      "output": "============================= test session starts ==============================\ncollected 2 items\n\ntests/test_e2e_policy.py ..                                              [100%]\n\n=============================== warnings summary ===============================\n../.pyenv/versions/3.13.0/lib/python3.13/site-packages/_pytest/config/__init__.py:1474\n  /Users/baileymahoney/.pyenv/versions/3.13.0/lib/python3.13/site-packages/_pytest/config/__init__.py:1474: PytestConfigWarning: Unknown config option: asyncio_mode\n  \n    self._warn_or_fail_if_strict(f\"Unknown config option: {key}\\n\")\n\n../.pyenv/versions/3.13.0/lib/python3.13/site-packages/pydantic/v1/typing.py:68: 16 warnings\n  /Users/baileymahoney/.pyenv/versions/3.13.0/lib/python3.13/site-packages/pydantic/v1/typing.py:68: DeprecationWarning: Failing to pass a value to the 'type_params' parameter of 'typing.ForwardRef._evaluate' is deprecated, as it leads to incorrect behaviour when calling typing.ForwardRef._evaluate on a stringified annotation that references a PEP 695 type parameter. It will be disallowed in Python 3.15.\n    return cast(Any, type_)._evaluate(globalns, localns, recursive_guard=set())\n\n<frozen importlib._bootstrap>:488\n  <frozen importlib._bootstrap>:488: DeprecationWarning: Type google._upb._message.MessageMapContainer uses PyType_Spec with a metaclass that has custom tp_new. This is deprecated and will no longer be allowed in Python 3.14.\n\n<frozen importlib._bootstrap>:488\n  <frozen importlib._bootstrap>:488: DeprecationWarning: Type google._upb._message.ScalarMapContainer uses PyType_Spec with a metaclass that has custom tp_new. This is deprecated and will no longer be allowed in Python 3.14.\n\nswarm/api/main.py:549\n  /Users/baileymahoney/AgentForge/swarm/api/main.py:549: DeprecationWarning: \n          on_event is deprecated, use lifespan event handlers instead.\n  \n          Read more about it in the\n          [FastAPI docs for Lifespan Events](https://fastapi.tiangolo.com/advanced/events/).\n          \n    @app.on_event(\"startup\")\n\n../.pyenv/versions/3.13.0/lib/python3.13/site-packages/fastapi/applications.py:4495\n  /Users/baileymahoney/.pyenv/versions/3.13.0/lib/python3.13/site-packages/fastapi/applications.py:4495: DeprecationWarning: \n          on_event is deprecated, use lifespan event handlers instead.\n  \n          Read more about it in the\n          [FastAPI docs for Lifespan Events](https://fastapi.tiangolo.com/advanced/events/).\n          \n    return self.router.on_event(event_type)\n\n-- Docs: https://docs.pytest.org/en/stable/how-to/capture-warnings.html\n============================= slowest 25 durations =============================\n0.03s call     tests/test_e2e_policy.py::test_upload_and_submit_approved\n0.01s call     tests/test_e2e_policy.py::test_submit_rejected_when_errors\n\n(4 durations < 0.005s hidden.  Use -vv to show these durations.)\n======================= 2 passed, 21 warnings in 10.66s ========================\n",
      "error": "",
      "traceback": ""
    },
    "tests/test_edge_disconnect_reconnect.py": {
      "status": "FAIL",
      "duration": 0.282991886138916,
      "output": "============================= test session starts ==============================\ncollected 1 item\n\ntests/test_edge_disconnect_reconnect.py F                                [100%]\n\n=================================== FAILURES ===================================\n_______________________ test_replay_queue_depth_depletes _______________________\nasync def functions are not natively supported.\nYou need to install a suitable plugin for your async framework, for example:\n  - anyio\n  - pytest-asyncio\n  - pytest-tornasync\n  - pytest-trio\n  - pytest-twisted\n=============================== warnings summary ===============================\n../.pyenv/versions/3.13.0/lib/python3.13/site-packages/_pytest/config/__init__.py:1474\n  /Users/baileymahoney/.pyenv/versions/3.13.0/lib/python3.13/site-packages/_pytest/config/__init__.py:1474: PytestConfigWarning: Unknown config option: asyncio_mode\n  \n    self._warn_or_fail_if_strict(f\"Unknown config option: {key}\\n\")\n\ntests/test_edge_disconnect_reconnect.py::test_replay_queue_depth_depletes\n  /Users/baileymahoney/.pyenv/versions/3.13.0/lib/python3.13/site-packages/_pytest/fixtures.py:1182: PytestRemovedIn9Warning: 'test_replay_queue_depth_depletes' requested an async fixture 'patch_nats' with autouse=True, with no plugin or hook that handled it. This is usually an error, as pytest does not natively support it. This will turn into an error in pytest 9.\n  See: https://docs.pytest.org/en/stable/deprecations.html#sync-test-depending-on-async-fixture\n    warnings.warn(\n\n-- Docs: https://docs.pytest.org/en/stable/how-to/capture-warnings.html\n============================= slowest 25 durations =============================\n\n(3 durations < 0.005s hidden.  Use -vv to show these durations.)\n=========================== short test summary info ============================\nFAILED tests/test_edge_disconnect_reconnect.py::test_replay_queue_depth_depletes\n======================== 1 failed, 2 warnings in 0.01s =========================\n",
      "error": "",
      "traceback": ""
    },
    "tests/test_edge_store_forward.py": {
      "status": "FAIL",
      "duration": 0.21274304389953613,
      "output": "============================= test session starts ==============================\ncollected 2 items\n\ntests/test_edge_store_forward.py FF                                      [100%]\n\n=================================== FAILURES ===================================\n_______________ test_persistence_and_replay_without_duplication ________________\nasync def functions are not natively supported.\nYou need to install a suitable plugin for your async framework, for example:\n  - anyio\n  - pytest-asyncio\n  - pytest-tornasync\n  - pytest-trio\n  - pytest-twisted\n________________ test_edge_link_status_metric_and_gauge_toggle _________________\nasync def functions are not natively supported.\nYou need to install a suitable plugin for your async framework, for example:\n  - anyio\n  - pytest-asyncio\n  - pytest-tornasync\n  - pytest-trio\n  - pytest-twisted\n=============================== warnings summary ===============================\n../.pyenv/versions/3.13.0/lib/python3.13/site-packages/_pytest/config/__init__.py:1474\n  /Users/baileymahoney/.pyenv/versions/3.13.0/lib/python3.13/site-packages/_pytest/config/__init__.py:1474: PytestConfigWarning: Unknown config option: asyncio_mode\n  \n    self._warn_or_fail_if_strict(f\"Unknown config option: {key}\\n\")\n\ntests/test_edge_store_forward.py::test_persistence_and_replay_without_duplication\n  /Users/baileymahoney/.pyenv/versions/3.13.0/lib/python3.13/site-packages/_pytest/fixtures.py:1182: PytestRemovedIn9Warning: 'test_persistence_and_replay_without_duplication' requested an async fixture 'set_edge_env' with autouse=True, with no plugin or hook that handled it. This is usually an error, as pytest does not natively support it. This will turn into an error in pytest 9.\n  See: https://docs.pytest.org/en/stable/deprecations.html#sync-test-depending-on-async-fixture\n    warnings.warn(\n\ntests/test_edge_store_forward.py::test_edge_link_status_metric_and_gauge_toggle\n  /Users/baileymahoney/.pyenv/versions/3.13.0/lib/python3.13/site-packages/_pytest/fixtures.py:1182: PytestRemovedIn9Warning: 'test_edge_link_status_metric_and_gauge_toggle' requested an async fixture 'set_edge_env' with autouse=True, with no plugin or hook that handled it. This is usually an error, as pytest does not natively support it. This will turn into an error in pytest 9.\n  See: https://docs.pytest.org/en/stable/deprecations.html#sync-test-depending-on-async-fixture\n    warnings.warn(\n\n-- Docs: https://docs.pytest.org/en/stable/how-to/capture-warnings.html\n============================= slowest 25 durations =============================\n\n(6 durations < 0.005s hidden.  Use -vv to show these durations.)\n=========================== short test summary info ============================\nFAILED tests/test_edge_store_forward.py::test_persistence_and_replay_without_duplication\nFAILED tests/test_edge_store_forward.py::test_edge_link_status_metric_and_gauge_toggle\n======================== 2 failed, 3 warnings in 0.02s =========================\n",
      "error": "",
      "traceback": ""
    },
    "tests/test_evidence_bundle.py": {
      "status": "PASS",
      "duration": 11.997112274169922,
      "output": "============================= test session starts ==============================\ncollected 3 items\n\ntests/test_evidence_bundle.py ...                                        [100%]\n\n=============================== warnings summary ===============================\n../.pyenv/versions/3.13.0/lib/python3.13/site-packages/_pytest/config/__init__.py:1474\n  /Users/baileymahoney/.pyenv/versions/3.13.0/lib/python3.13/site-packages/_pytest/config/__init__.py:1474: PytestConfigWarning: Unknown config option: asyncio_mode\n  \n    self._warn_or_fail_if_strict(f\"Unknown config option: {key}\\n\")\n\n../.pyenv/versions/3.13.0/lib/python3.13/site-packages/pydantic/v1/typing.py:68: 16 warnings\n  /Users/baileymahoney/.pyenv/versions/3.13.0/lib/python3.13/site-packages/pydantic/v1/typing.py:68: DeprecationWarning: Failing to pass a value to the 'type_params' parameter of 'typing.ForwardRef._evaluate' is deprecated, as it leads to incorrect behaviour when calling typing.ForwardRef._evaluate on a stringified annotation that references a PEP 695 type parameter. It will be disallowed in Python 3.15.\n    return cast(Any, type_)._evaluate(globalns, localns, recursive_guard=set())\n\n<frozen importlib._bootstrap>:488\n  <frozen importlib._bootstrap>:488: DeprecationWarning: Type google._upb._message.MessageMapContainer uses PyType_Spec with a metaclass that has custom tp_new. This is deprecated and will no longer be allowed in Python 3.14.\n\n<frozen importlib._bootstrap>:488\n  <frozen importlib._bootstrap>:488: DeprecationWarning: Type google._upb._message.ScalarMapContainer uses PyType_Spec with a metaclass that has custom tp_new. This is deprecated and will no longer be allowed in Python 3.14.\n\nswarm/api/main.py:549\n  /Users/baileymahoney/AgentForge/swarm/api/main.py:549: DeprecationWarning: \n          on_event is deprecated, use lifespan event handlers instead.\n  \n          Read more about it in the\n          [FastAPI docs for Lifespan Events](https://fastapi.tiangolo.com/advanced/events/).\n          \n    @app.on_event(\"startup\")\n\n../.pyenv/versions/3.13.0/lib/python3.13/site-packages/fastapi/applications.py:4495\n  /Users/baileymahoney/.pyenv/versions/3.13.0/lib/python3.13/site-packages/fastapi/applications.py:4495: DeprecationWarning: \n          on_event is deprecated, use lifespan event handlers instead.\n  \n          Read more about it in the\n          [FastAPI docs for Lifespan Events](https://fastapi.tiangolo.com/advanced/events/).\n          \n    return self.router.on_event(event_type)\n\n-- Docs: https://docs.pytest.org/en/stable/how-to/capture-warnings.html\n============================= slowest 25 durations =============================\n0.02s call     tests/test_evidence_bundle.py::test_evidence_bundle_not_found\n0.01s call     tests/test_evidence_bundle.py::test_evidence_bundle_reproducibility_flags\n0.01s call     tests/test_evidence_bundle.py::test_evidence_bundle_with_persisted_dag\n\n(6 durations < 0.005s hidden.  Use -vv to show these durations.)\n======================= 3 passed, 21 warnings in 10.55s ========================\n",
      "error": "",
      "traceback": ""
    },
    "tests/test_fusion_latency_budget.py": {
      "status": "PASS",
      "duration": 12.621170997619629,
      "output": "============================= test session starts ==============================\ncollected 1 item\n\ntests/test_fusion_latency_budget.py .                                    [100%]\n\n=============================== warnings summary ===============================\n../.pyenv/versions/3.13.0/lib/python3.13/site-packages/_pytest/config/__init__.py:1474\n  /Users/baileymahoney/.pyenv/versions/3.13.0/lib/python3.13/site-packages/_pytest/config/__init__.py:1474: PytestConfigWarning: Unknown config option: asyncio_mode\n  \n    self._warn_or_fail_if_strict(f\"Unknown config option: {key}\\n\")\n\n../.pyenv/versions/3.13.0/lib/python3.13/site-packages/pydantic/v1/typing.py:68: 16 warnings\n  /Users/baileymahoney/.pyenv/versions/3.13.0/lib/python3.13/site-packages/pydantic/v1/typing.py:68: DeprecationWarning: Failing to pass a value to the 'type_params' parameter of 'typing.ForwardRef._evaluate' is deprecated, as it leads to incorrect behaviour when calling typing.ForwardRef._evaluate on a stringified annotation that references a PEP 695 type parameter. It will be disallowed in Python 3.15.\n    return cast(Any, type_)._evaluate(globalns, localns, recursive_guard=set())\n\n<frozen importlib._bootstrap>:488\n  <frozen importlib._bootstrap>:488: DeprecationWarning: Type google._upb._message.MessageMapContainer uses PyType_Spec with a metaclass that has custom tp_new. This is deprecated and will no longer be allowed in Python 3.14.\n\n<frozen importlib._bootstrap>:488\n  <frozen importlib._bootstrap>:488: DeprecationWarning: Type google._upb._message.ScalarMapContainer uses PyType_Spec with a metaclass that has custom tp_new. This is deprecated and will no longer be allowed in Python 3.14.\n\nswarm/api/main.py:549\n  /Users/baileymahoney/AgentForge/swarm/api/main.py:549: DeprecationWarning: \n          on_event is deprecated, use lifespan event handlers instead.\n  \n          Read more about it in the\n          [FastAPI docs for Lifespan Events](https://fastapi.tiangolo.com/advanced/events/).\n          \n    @app.on_event(\"startup\")\n\n../.pyenv/versions/3.13.0/lib/python3.13/site-packages/fastapi/applications.py:4495\n  /Users/baileymahoney/.pyenv/versions/3.13.0/lib/python3.13/site-packages/fastapi/applications.py:4495: DeprecationWarning: \n          on_event is deprecated, use lifespan event handlers instead.\n  \n          Read more about it in the\n          [FastAPI docs for Lifespan Events](https://fastapi.tiangolo.com/advanced/events/).\n          \n    return self.router.on_event(event_type)\n\ntests/test_fusion_latency_budget.py::test_fusion_latency_budget_violation\n  /Users/baileymahoney/AgentForge/swarm/storage.py:190: DeprecationWarning: datetime.datetime.utcnow() is deprecated and scheduled for removal in a future version. Use timezone-aware objects to represent datetimes in UTC: datetime.datetime.now(datetime.UTC).\n    \"created_at\": _dt.datetime.utcnow().isoformat() + \"Z\",\n\ntests/test_fusion_latency_budget.py::test_fusion_latency_budget_violation\n  /Users/baileymahoney/AgentForge/swarm/storage.py:166: DeprecationWarning: There is no current event loop\n    loop = asyncio.get_event_loop()\n\n-- Docs: https://docs.pytest.org/en/stable/how-to/capture-warnings.html\n============================= slowest 25 durations =============================\n0.39s call     tests/test_fusion_latency_budget.py::test_fusion_latency_budget_violation\n\n(2 durations < 0.005s hidden.  Use -vv to show these durations.)\n======================= 1 passed, 23 warnings in 10.80s ========================\n",
      "error": "",
      "traceback": ""
    },
    "tests/test_fusion_pipeline.py": {
      "status": "PASS",
      "duration": 12.581416845321655,
      "output": "============================= test session starts ==============================\ncollected 2 items\n\ntests/test_fusion_pipeline.py ..                                         [100%]\n\n=============================== warnings summary ===============================\n../.pyenv/versions/3.13.0/lib/python3.13/site-packages/_pytest/config/__init__.py:1474\n  /Users/baileymahoney/.pyenv/versions/3.13.0/lib/python3.13/site-packages/_pytest/config/__init__.py:1474: PytestConfigWarning: Unknown config option: asyncio_mode\n  \n    self._warn_or_fail_if_strict(f\"Unknown config option: {key}\\n\")\n\n../.pyenv/versions/3.13.0/lib/python3.13/site-packages/pydantic/v1/typing.py:68: 16 warnings\n  /Users/baileymahoney/.pyenv/versions/3.13.0/lib/python3.13/site-packages/pydantic/v1/typing.py:68: DeprecationWarning: Failing to pass a value to the 'type_params' parameter of 'typing.ForwardRef._evaluate' is deprecated, as it leads to incorrect behaviour when calling typing.ForwardRef._evaluate on a stringified annotation that references a PEP 695 type parameter. It will be disallowed in Python 3.15.\n    return cast(Any, type_)._evaluate(globalns, localns, recursive_guard=set())\n\n<frozen importlib._bootstrap>:488\n  <frozen importlib._bootstrap>:488: DeprecationWarning: Type google._upb._message.MessageMapContainer uses PyType_Spec with a metaclass that has custom tp_new. This is deprecated and will no longer be allowed in Python 3.14.\n\n<frozen importlib._bootstrap>:488\n  <frozen importlib._bootstrap>:488: DeprecationWarning: Type google._upb._message.ScalarMapContainer uses PyType_Spec with a metaclass that has custom tp_new. This is deprecated and will no longer be allowed in Python 3.14.\n\nswarm/api/main.py:549\n  /Users/baileymahoney/AgentForge/swarm/api/main.py:549: DeprecationWarning: \n          on_event is deprecated, use lifespan event handlers instead.\n  \n          Read more about it in the\n          [FastAPI docs for Lifespan Events](https://fastapi.tiangolo.com/advanced/events/).\n          \n    @app.on_event(\"startup\")\n\n../.pyenv/versions/3.13.0/lib/python3.13/site-packages/fastapi/applications.py:4495\n  /Users/baileymahoney/.pyenv/versions/3.13.0/lib/python3.13/site-packages/fastapi/applications.py:4495: DeprecationWarning: \n          on_event is deprecated, use lifespan event handlers instead.\n  \n          Read more about it in the\n          [FastAPI docs for Lifespan Events](https://fastapi.tiangolo.com/advanced/events/).\n          \n    return self.router.on_event(event_type)\n\ntests/test_fusion_pipeline.py::test_fuse_calibrate_persist_track\n  /Users/baileymahoney/AgentForge/swarm/storage.py:190: DeprecationWarning: datetime.datetime.utcnow() is deprecated and scheduled for removal in a future version. Use timezone-aware objects to represent datetimes in UTC: datetime.datetime.now(datetime.UTC).\n    \"created_at\": _dt.datetime.utcnow().isoformat() + \"Z\",\n\ntests/test_fusion_pipeline.py::test_fuse_calibrate_persist_track\n  /Users/baileymahoney/AgentForge/swarm/storage.py:166: DeprecationWarning: There is no current event loop\n    loop = asyncio.get_event_loop()\n\n-- Docs: https://docs.pytest.org/en/stable/how-to/capture-warnings.html\n============================= slowest 25 durations =============================\n0.28s call     tests/test_fusion_pipeline.py::test_fuse_calibrate_persist_track\n\n(5 durations < 0.005s hidden.  Use -vv to show these durations.)\n======================= 2 passed, 23 warnings in 10.73s ========================\n",
      "error": "",
      "traceback": ""
    },
    "tests/test_fusion_roc_det.py": {
      "status": "PASS",
      "duration": 0.5220859050750732,
      "output": "============================= test session starts ==============================\ncollected 1 item\n\ntests/test_fusion_roc_det.py .                                           [100%]\n\n=============================== warnings summary ===============================\n../.pyenv/versions/3.13.0/lib/python3.13/site-packages/_pytest/config/__init__.py:1474\n  /Users/baileymahoney/.pyenv/versions/3.13.0/lib/python3.13/site-packages/_pytest/config/__init__.py:1474: PytestConfigWarning: Unknown config option: asyncio_mode\n  \n    self._warn_or_fail_if_strict(f\"Unknown config option: {key}\\n\")\n\n-- Docs: https://docs.pytest.org/en/stable/how-to/capture-warnings.html\n============================= slowest 25 durations =============================\n\n(3 durations < 0.005s hidden.  Use -vv to show these durations.)\n========================= 1 passed, 1 warning in 0.23s =========================\n",
      "error": "",
      "traceback": ""
    },
    "tests/test_geojson_schema.py": {
      "status": "PASS",
      "duration": 0.28971004486083984,
      "output": "============================= test session starts ==============================\ncollected 2 items\n\ntests/test_geojson_schema.py ..                                          [100%]\n\n=============================== warnings summary ===============================\n../.pyenv/versions/3.13.0/lib/python3.13/site-packages/_pytest/config/__init__.py:1474\n  /Users/baileymahoney/.pyenv/versions/3.13.0/lib/python3.13/site-packages/_pytest/config/__init__.py:1474: PytestConfigWarning: Unknown config option: asyncio_mode\n  \n    self._warn_or_fail_if_strict(f\"Unknown config option: {key}\\n\")\n\n-- Docs: https://docs.pytest.org/en/stable/how-to/capture-warnings.html\n============================= slowest 25 durations =============================\n\n(6 durations < 0.005s hidden.  Use -vv to show these durations.)\n========================= 2 passed, 1 warning in 0.08s =========================\n",
      "error": "",
      "traceback": ""
    },
    "tests/test_hf.py": {
      "status": "PASS",
      "duration": 0.60689377784729,
      "output": "============================= test session starts ==============================\ncollected 1 item\n\ntests/test_hf.py .                                                       [100%]\n\n=============================== warnings summary ===============================\n../.pyenv/versions/3.13.0/lib/python3.13/site-packages/_pytest/config/__init__.py:1474\n  /Users/baileymahoney/.pyenv/versions/3.13.0/lib/python3.13/site-packages/_pytest/config/__init__.py:1474: PytestConfigWarning: Unknown config option: asyncio_mode\n  \n    self._warn_or_fail_if_strict(f\"Unknown config option: {key}\\n\")\n\n-- Docs: https://docs.pytest.org/en/stable/how-to/capture-warnings.html\n============================= slowest 25 durations =============================\n\n(3 durations < 0.005s hidden.  Use -vv to show these durations.)\n========================= 1 passed, 1 warning in 0.34s =========================\n",
      "error": "",
      "traceback": ""
    },
    "tests/test_imports.py": {
      "status": "PASS",
      "duration": 12.307008981704712,
      "output": "============================= test session starts ==============================\ncollected 5 items\n\ntests/test_imports.py .....                                              [100%]\n\n=============================== warnings summary ===============================\n../.pyenv/versions/3.13.0/lib/python3.13/site-packages/_pytest/config/__init__.py:1474\n  /Users/baileymahoney/.pyenv/versions/3.13.0/lib/python3.13/site-packages/_pytest/config/__init__.py:1474: PytestConfigWarning: Unknown config option: asyncio_mode\n  \n    self._warn_or_fail_if_strict(f\"Unknown config option: {key}\\n\")\n\n../.pyenv/versions/3.13.0/lib/python3.13/site-packages/pydantic/v1/typing.py:68: 16 warnings\n  /Users/baileymahoney/.pyenv/versions/3.13.0/lib/python3.13/site-packages/pydantic/v1/typing.py:68: DeprecationWarning: Failing to pass a value to the 'type_params' parameter of 'typing.ForwardRef._evaluate' is deprecated, as it leads to incorrect behaviour when calling typing.ForwardRef._evaluate on a stringified annotation that references a PEP 695 type parameter. It will be disallowed in Python 3.15.\n    return cast(Any, type_)._evaluate(globalns, localns, recursive_guard=set())\n\n<frozen importlib._bootstrap>:488\n  <frozen importlib._bootstrap>:488: DeprecationWarning: Type google._upb._message.MessageMapContainer uses PyType_Spec with a metaclass that has custom tp_new. This is deprecated and will no longer be allowed in Python 3.14.\n\n<frozen importlib._bootstrap>:488\n  <frozen importlib._bootstrap>:488: DeprecationWarning: Type google._upb._message.ScalarMapContainer uses PyType_Spec with a metaclass that has custom tp_new. This is deprecated and will no longer be allowed in Python 3.14.\n\n-- Docs: https://docs.pytest.org/en/stable/how-to/capture-warnings.html\n============================= slowest 25 durations =============================\n0.20s call     tests/test_imports.py::test_no_circular_imports\n0.02s call     tests/test_imports.py::test_router_imports\n\n(13 durations < 0.005s hidden.  Use -vv to show these durations.)\n======================= 5 passed, 19 warnings in 10.75s ========================\n",
      "error": "",
      "traceback": ""
    },
    "tests/test_memory.py": {
      "status": "PASS",
      "duration": 2.9948151111602783,
      "output": "============================= test session starts ==============================\ncollected 2 items\n\ntests/test_memory.py ..                                                  [100%]\n\n=============================== warnings summary ===============================\n../.pyenv/versions/3.13.0/lib/python3.13/site-packages/_pytest/config/__init__.py:1474\n  /Users/baileymahoney/.pyenv/versions/3.13.0/lib/python3.13/site-packages/_pytest/config/__init__.py:1474: PytestConfigWarning: Unknown config option: asyncio_mode\n  \n    self._warn_or_fail_if_strict(f\"Unknown config option: {key}\\n\")\n\n-- Docs: https://docs.pytest.org/en/stable/how-to/capture-warnings.html\n============================= slowest 25 durations =============================\n0.01s call     tests/test_memory.py::test_semantic_search_min_score\n\n(5 durations < 0.005s hidden.  Use -vv to show these durations.)\n========================= 2 passed, 1 warning in 2.11s =========================\n",
      "error": "",
      "traceback": ""
    },
    "tests/test_memory_mesh.py": {
      "status": "PASS",
      "duration": 0.4286069869995117,
      "output": "============================= test session starts ==============================\ncollected 2 items\n\ntests/test_memory_mesh.py ..                                             [100%]\n\n=============================== warnings summary ===============================\n../.pyenv/versions/3.13.0/lib/python3.13/site-packages/_pytest/config/__init__.py:1474\n  /Users/baileymahoney/.pyenv/versions/3.13.0/lib/python3.13/site-packages/_pytest/config/__init__.py:1474: PytestConfigWarning: Unknown config option: asyncio_mode\n  \n    self._warn_or_fail_if_strict(f\"Unknown config option: {key}\\n\")\n\n-- Docs: https://docs.pytest.org/en/stable/how-to/capture-warnings.html\n============================= slowest 25 durations =============================\n\n(6 durations < 0.005s hidden.  Use -vv to show these durations.)\n========================= 2 passed, 1 warning in 0.19s =========================\n",
      "error": "",
      "traceback": ""
    },
    "tests/test_memory_store.py": {
      "status": "FAIL",
      "duration": 0.3366081714630127,
      "output": "============================= test session starts ==============================\ncollected 1 item\n\ntests/test_memory_store.py F                                             [100%]\n\n=================================== FAILURES ===================================\n____________________________ test_upsert_and_search ____________________________\nasync def functions are not natively supported.\nYou need to install a suitable plugin for your async framework, for example:\n  - anyio\n  - pytest-asyncio\n  - pytest-tornasync\n  - pytest-trio\n  - pytest-twisted\n=============================== warnings summary ===============================\n../.pyenv/versions/3.13.0/lib/python3.13/site-packages/_pytest/config/__init__.py:1474\n  /Users/baileymahoney/.pyenv/versions/3.13.0/lib/python3.13/site-packages/_pytest/config/__init__.py:1474: PytestConfigWarning: Unknown config option: asyncio_mode\n  \n    self._warn_or_fail_if_strict(f\"Unknown config option: {key}\\n\")\n\n-- Docs: https://docs.pytest.org/en/stable/how-to/capture-warnings.html\n============================= slowest 25 durations =============================\n\n(3 durations < 0.005s hidden.  Use -vv to show these durations.)\n=========================== short test summary info ============================\nFAILED tests/test_memory_store.py::test_upsert_and_search - Failed: async def...\n========================= 1 failed, 1 warning in 0.11s =========================\n",
      "error": "",
      "traceback": ""
    },
    "tests/test_metrics.py": {
      "status": "PASS",
      "duration": 11.905905961990356,
      "output": "============================= test session starts ==============================\ncollected 2 items\n\ntests/test_metrics.py ..                                                 [100%]\n\n=============================== warnings summary ===============================\n../.pyenv/versions/3.13.0/lib/python3.13/site-packages/_pytest/config/__init__.py:1474\n  /Users/baileymahoney/.pyenv/versions/3.13.0/lib/python3.13/site-packages/_pytest/config/__init__.py:1474: PytestConfigWarning: Unknown config option: asyncio_mode\n  \n    self._warn_or_fail_if_strict(f\"Unknown config option: {key}\\n\")\n\n../.pyenv/versions/3.13.0/lib/python3.13/site-packages/pydantic/v1/typing.py:68: 16 warnings\n  /Users/baileymahoney/.pyenv/versions/3.13.0/lib/python3.13/site-packages/pydantic/v1/typing.py:68: DeprecationWarning: Failing to pass a value to the 'type_params' parameter of 'typing.ForwardRef._evaluate' is deprecated, as it leads to incorrect behaviour when calling typing.ForwardRef._evaluate on a stringified annotation that references a PEP 695 type parameter. It will be disallowed in Python 3.15.\n    return cast(Any, type_)._evaluate(globalns, localns, recursive_guard=set())\n\n<frozen importlib._bootstrap>:488\n  <frozen importlib._bootstrap>:488: DeprecationWarning: Type google._upb._message.MessageMapContainer uses PyType_Spec with a metaclass that has custom tp_new. This is deprecated and will no longer be allowed in Python 3.14.\n\n<frozen importlib._bootstrap>:488\n  <frozen importlib._bootstrap>:488: DeprecationWarning: Type google._upb._message.ScalarMapContainer uses PyType_Spec with a metaclass that has custom tp_new. This is deprecated and will no longer be allowed in Python 3.14.\n\nswarm/api/main.py:549\n  /Users/baileymahoney/AgentForge/swarm/api/main.py:549: DeprecationWarning: \n          on_event is deprecated, use lifespan event handlers instead.\n  \n          Read more about it in the\n          [FastAPI docs for Lifespan Events](https://fastapi.tiangolo.com/advanced/events/).\n          \n    @app.on_event(\"startup\")\n\n../.pyenv/versions/3.13.0/lib/python3.13/site-packages/fastapi/applications.py:4495\n  /Users/baileymahoney/.pyenv/versions/3.13.0/lib/python3.13/site-packages/fastapi/applications.py:4495: DeprecationWarning: \n          on_event is deprecated, use lifespan event handlers instead.\n  \n          Read more about it in the\n          [FastAPI docs for Lifespan Events](https://fastapi.tiangolo.com/advanced/events/).\n          \n    return self.router.on_event(event_type)\n\n-- Docs: https://docs.pytest.org/en/stable/how-to/capture-warnings.html\n============================= slowest 25 durations =============================\n0.01s call     tests/test_metrics.py::test_metrics_endpoint\n\n(5 durations < 0.005s hidden.  Use -vv to show these durations.)\n======================= 2 passed, 21 warnings in 10.40s ========================\n",
      "error": "",
      "traceback": ""
    },
    "tests/test_observability_context.py": {
      "status": "PASS",
      "duration": 12.349910736083984,
      "output": "============================= test session starts ==============================\ncollected 3 items\n\ntests/test_observability_context.py ...                                  [100%]\n\n=============================== warnings summary ===============================\n../.pyenv/versions/3.13.0/lib/python3.13/site-packages/_pytest/config/__init__.py:1474\n  /Users/baileymahoney/.pyenv/versions/3.13.0/lib/python3.13/site-packages/_pytest/config/__init__.py:1474: PytestConfigWarning: Unknown config option: asyncio_mode\n  \n    self._warn_or_fail_if_strict(f\"Unknown config option: {key}\\n\")\n\n../.pyenv/versions/3.13.0/lib/python3.13/site-packages/pydantic/v1/typing.py:68: 16 warnings\n  /Users/baileymahoney/.pyenv/versions/3.13.0/lib/python3.13/site-packages/pydantic/v1/typing.py:68: DeprecationWarning: Failing to pass a value to the 'type_params' parameter of 'typing.ForwardRef._evaluate' is deprecated, as it leads to incorrect behaviour when calling typing.ForwardRef._evaluate on a stringified annotation that references a PEP 695 type parameter. It will be disallowed in Python 3.15.\n    return cast(Any, type_)._evaluate(globalns, localns, recursive_guard=set())\n\n<frozen importlib._bootstrap>:488\n  <frozen importlib._bootstrap>:488: DeprecationWarning: Type google._upb._message.MessageMapContainer uses PyType_Spec with a metaclass that has custom tp_new. This is deprecated and will no longer be allowed in Python 3.14.\n\n<frozen importlib._bootstrap>:488\n  <frozen importlib._bootstrap>:488: DeprecationWarning: Type google._upb._message.ScalarMapContainer uses PyType_Spec with a metaclass that has custom tp_new. This is deprecated and will no longer be allowed in Python 3.14.\n\nswarm/api/main.py:549\n  /Users/baileymahoney/AgentForge/swarm/api/main.py:549: DeprecationWarning: \n          on_event is deprecated, use lifespan event handlers instead.\n  \n          Read more about it in the\n          [FastAPI docs for Lifespan Events](https://fastapi.tiangolo.com/advanced/events/).\n          \n    @app.on_event(\"startup\")\n\n../.pyenv/versions/3.13.0/lib/python3.13/site-packages/fastapi/applications.py:4495\n  /Users/baileymahoney/.pyenv/versions/3.13.0/lib/python3.13/site-packages/fastapi/applications.py:4495: DeprecationWarning: \n          on_event is deprecated, use lifespan event handlers instead.\n  \n          Read more about it in the\n          [FastAPI docs for Lifespan Events](https://fastapi.tiangolo.com/advanced/events/).\n          \n    return self.router.on_event(event_type)\n\n-- Docs: https://docs.pytest.org/en/stable/how-to/capture-warnings.html\n============================= slowest 25 durations =============================\n0.01s call     tests/test_observability_context.py::test_cost_metrics_with_context\n\n(8 durations < 0.005s hidden.  Use -vv to show these durations.)\n======================= 3 passed, 21 warnings in 10.72s ========================\n",
      "error": "",
      "traceback": ""
    },
    "tests/test_planner.py": {
      "status": "PASS",
      "duration": 7.009050130844116,
      "output": "============================= test session starts ==============================\ncollected 3 items\n\ntests/test_planner.py ...                                                [100%]\n\n=============================== warnings summary ===============================\n../.pyenv/versions/3.13.0/lib/python3.13/site-packages/_pytest/config/__init__.py:1474\n  /Users/baileymahoney/.pyenv/versions/3.13.0/lib/python3.13/site-packages/_pytest/config/__init__.py:1474: PytestConfigWarning: Unknown config option: asyncio_mode\n  \n    self._warn_or_fail_if_strict(f\"Unknown config option: {key}\\n\")\n\n-- Docs: https://docs.pytest.org/en/stable/how-to/capture-warnings.html\n============================= slowest 25 durations =============================\n0.01s call     tests/test_planner.py::test_dag_determinism_and_persistence\n\n(8 durations < 0.005s hidden.  Use -vv to show these durations.)\n========================= 3 passed, 1 warning in 6.56s =========================\n",
      "error": "",
      "traceback": ""
    },
    "tests/test_results_sink.py": {
      "status": "FAIL",
      "duration": 0.3020799160003662,
      "output": "============================= test session starts ==============================\ncollected 1 item\n\ntests/test_results_sink.py F                                             [100%]\n\n=================================== FAILURES ===================================\n_______________________ test_results_sink_jsonl_fallback _______________________\nasync def functions are not natively supported.\nYou need to install a suitable plugin for your async framework, for example:\n  - anyio\n  - pytest-asyncio\n  - pytest-tornasync\n  - pytest-trio\n  - pytest-twisted\n=============================== warnings summary ===============================\n../.pyenv/versions/3.13.0/lib/python3.13/site-packages/_pytest/config/__init__.py:1474\n  /Users/baileymahoney/.pyenv/versions/3.13.0/lib/python3.13/site-packages/_pytest/config/__init__.py:1474: PytestConfigWarning: Unknown config option: asyncio_mode\n  \n    self._warn_or_fail_if_strict(f\"Unknown config option: {key}\\n\")\n\n-- Docs: https://docs.pytest.org/en/stable/how-to/capture-warnings.html\n============================= slowest 25 durations =============================\n\n(3 durations < 0.005s hidden.  Use -vv to show these durations.)\n=========================== short test summary info ============================\nFAILED tests/test_results_sink.py::test_results_sink_jsonl_fallback - Failed:...\n========================= 1 failed, 1 warning in 0.01s =========================\n",
      "error": "",
      "traceback": ""
    },
    "tests/test_reviewer.py": {
      "status": "PASS",
      "duration": 0.694267749786377,
      "output": "============================= test session starts ==============================\ncollected 4 items\n\ntests/test_reviewer.py ....                                              [100%]\n\n=============================== warnings summary ===============================\n../.pyenv/versions/3.13.0/lib/python3.13/site-packages/_pytest/config/__init__.py:1474\n  /Users/baileymahoney/.pyenv/versions/3.13.0/lib/python3.13/site-packages/_pytest/config/__init__.py:1474: PytestConfigWarning: Unknown config option: asyncio_mode\n  \n    self._warn_or_fail_if_strict(f\"Unknown config option: {key}\\n\")\n\n-- Docs: https://docs.pytest.org/en/stable/how-to/capture-warnings.html\n============================= slowest 25 durations =============================\n0.02s call     tests/test_reviewer.py::test_adjudication_persists_feedback\n\n(11 durations < 0.005s hidden.  Use -vv to show these durations.)\n========================= 4 passed, 1 warning in 0.40s =========================\n",
      "error": "",
      "traceback": ""
    },
    "tests/test_router.py": {
      "status": "PASS",
      "duration": 12.314265251159668,
      "output": "============================= test session starts ==============================\ncollected 5 items\n\ntests/test_router.py .....                                               [100%]\n\n=============================== warnings summary ===============================\n../.pyenv/versions/3.13.0/lib/python3.13/site-packages/_pytest/config/__init__.py:1474\n  /Users/baileymahoney/.pyenv/versions/3.13.0/lib/python3.13/site-packages/_pytest/config/__init__.py:1474: PytestConfigWarning: Unknown config option: asyncio_mode\n  \n    self._warn_or_fail_if_strict(f\"Unknown config option: {key}\\n\")\n\n../.pyenv/versions/3.13.0/lib/python3.13/site-packages/pydantic/v1/typing.py:68: 16 warnings\n  /Users/baileymahoney/.pyenv/versions/3.13.0/lib/python3.13/site-packages/pydantic/v1/typing.py:68: DeprecationWarning: Failing to pass a value to the 'type_params' parameter of 'typing.ForwardRef._evaluate' is deprecated, as it leads to incorrect behaviour when calling typing.ForwardRef._evaluate on a stringified annotation that references a PEP 695 type parameter. It will be disallowed in Python 3.15.\n    return cast(Any, type_)._evaluate(globalns, localns, recursive_guard=set())\n\n<frozen importlib._bootstrap>:488\n  <frozen importlib._bootstrap>:488: DeprecationWarning: Type google._upb._message.MessageMapContainer uses PyType_Spec with a metaclass that has custom tp_new. This is deprecated and will no longer be allowed in Python 3.14.\n\n<frozen importlib._bootstrap>:488\n  <frozen importlib._bootstrap>:488: DeprecationWarning: Type google._upb._message.ScalarMapContainer uses PyType_Spec with a metaclass that has custom tp_new. This is deprecated and will no longer be allowed in Python 3.14.\n\n-- Docs: https://docs.pytest.org/en/stable/how-to/capture-warnings.html\n============================= slowest 25 durations =============================\n0.19s call     tests/test_router.py::test_no_circular_imports\n\n(14 durations < 0.005s hidden.  Use -vv to show these durations.)\n======================= 5 passed, 19 warnings in 10.77s ========================\n",
      "error": "",
      "traceback": ""
    },
    "tests/test_span_attributes.py": {
      "status": "PASS",
      "duration": 0.3748762607574463,
      "output": "============================= test session starts ==============================\ncollected 2 items\n\ntests/test_span_attributes.py ..                                         [100%]\n\n=============================== warnings summary ===============================\n../.pyenv/versions/3.13.0/lib/python3.13/site-packages/_pytest/config/__init__.py:1474\n  /Users/baileymahoney/.pyenv/versions/3.13.0/lib/python3.13/site-packages/_pytest/config/__init__.py:1474: PytestConfigWarning: Unknown config option: asyncio_mode\n  \n    self._warn_or_fail_if_strict(f\"Unknown config option: {key}\\n\")\n\n-- Docs: https://docs.pytest.org/en/stable/how-to/capture-warnings.html\n============================= slowest 25 durations =============================\n0.01s call     tests/test_span_attributes.py::test_span_tagging_mission_task\n\n(5 durations < 0.005s hidden.  Use -vv to show these durations.)\n========================= 2 passed, 1 warning in 0.05s =========================\n",
      "error": "Exception ignored in atexit callback <bound method TracerProvider.shutdown of <opentelemetry.sdk.trace.TracerProvider object at 0x1036be270>>:\nTraceback (most recent call last):\n  File \"/Users/baileymahoney/.pyenv/versions/3.13.0/lib/python3.13/site-packages/opentelemetry/sdk/trace/__init__.py\", line 1268, in shutdown\n    self._active_span_processor.shutdown()\n  File \"/Users/baileymahoney/.pyenv/versions/3.13.0/lib/python3.13/site-packages/opentelemetry/sdk/trace/__init__.py\", line 173, in shutdown\n    sp.shutdown()\n  File \"/Users/baileymahoney/.pyenv/versions/3.13.0/lib/python3.13/site-packages/opentelemetry/sdk/trace/export/__init__.py\", line 120, in shutdown\n    self.span_exporter.shutdown()\nAttributeError: 'InMemorySpanExporter' object has no attribute 'shutdown'\n",
      "traceback": ""
    },
    "tests/test_sse_ws_security.py": {
      "status": "FAIL",
      "duration": 12.059982061386108,
      "output": "============================= test session starts ==============================\ncollected 4 items / 4 deselected / 0 selected\n\n=============================== warnings summary ===============================\n../.pyenv/versions/3.13.0/lib/python3.13/site-packages/_pytest/config/__init__.py:1474\n  /Users/baileymahoney/.pyenv/versions/3.13.0/lib/python3.13/site-packages/_pytest/config/__init__.py:1474: PytestConfigWarning: Unknown config option: asyncio_mode\n  \n    self._warn_or_fail_if_strict(f\"Unknown config option: {key}\\n\")\n\n../.pyenv/versions/3.13.0/lib/python3.13/site-packages/pydantic/v1/typing.py:68: 16 warnings\n  /Users/baileymahoney/.pyenv/versions/3.13.0/lib/python3.13/site-packages/pydantic/v1/typing.py:68: DeprecationWarning: Failing to pass a value to the 'type_params' parameter of 'typing.ForwardRef._evaluate' is deprecated, as it leads to incorrect behaviour when calling typing.ForwardRef._evaluate on a stringified annotation that references a PEP 695 type parameter. It will be disallowed in Python 3.15.\n    return cast(Any, type_)._evaluate(globalns, localns, recursive_guard=set())\n\n<frozen importlib._bootstrap>:488\n  <frozen importlib._bootstrap>:488: DeprecationWarning: Type google._upb._message.MessageMapContainer uses PyType_Spec with a metaclass that has custom tp_new. This is deprecated and will no longer be allowed in Python 3.14.\n\n<frozen importlib._bootstrap>:488\n  <frozen importlib._bootstrap>:488: DeprecationWarning: Type google._upb._message.ScalarMapContainer uses PyType_Spec with a metaclass that has custom tp_new. This is deprecated and will no longer be allowed in Python 3.14.\n\nswarm/api/main.py:549\n  /Users/baileymahoney/AgentForge/swarm/api/main.py:549: DeprecationWarning: \n          on_event is deprecated, use lifespan event handlers instead.\n  \n          Read more about it in the\n          [FastAPI docs for Lifespan Events](https://fastapi.tiangolo.com/advanced/events/).\n          \n    @app.on_event(\"startup\")\n\n../.pyenv/versions/3.13.0/lib/python3.13/site-packages/fastapi/applications.py:4495\n  /Users/baileymahoney/.pyenv/versions/3.13.0/lib/python3.13/site-packages/fastapi/applications.py:4495: DeprecationWarning: \n          on_event is deprecated, use lifespan event handlers instead.\n  \n          Read more about it in the\n          [FastAPI docs for Lifespan Events](https://fastapi.tiangolo.com/advanced/events/).\n          \n    return self.router.on_event(event_type)\n\n-- Docs: https://docs.pytest.org/en/stable/how-to/capture-warnings.html\n===================== 4 deselected, 21 warnings in 10.56s ======================\n",
      "error": "",
      "traceback": ""
    },
    "tests/test_sse_ws_stream.py": {
      "status": "FAIL",
      "duration": 12.080247163772583,
      "output": "============================= test session starts ==============================\ncollected 2 items / 2 deselected / 0 selected\n\n=============================== warnings summary ===============================\n../.pyenv/versions/3.13.0/lib/python3.13/site-packages/_pytest/config/__init__.py:1474\n  /Users/baileymahoney/.pyenv/versions/3.13.0/lib/python3.13/site-packages/_pytest/config/__init__.py:1474: PytestConfigWarning: Unknown config option: asyncio_mode\n  \n    self._warn_or_fail_if_strict(f\"Unknown config option: {key}\\n\")\n\n../.pyenv/versions/3.13.0/lib/python3.13/site-packages/pydantic/v1/typing.py:68: 16 warnings\n  /Users/baileymahoney/.pyenv/versions/3.13.0/lib/python3.13/site-packages/pydantic/v1/typing.py:68: DeprecationWarning: Failing to pass a value to the 'type_params' parameter of 'typing.ForwardRef._evaluate' is deprecated, as it leads to incorrect behaviour when calling typing.ForwardRef._evaluate on a stringified annotation that references a PEP 695 type parameter. It will be disallowed in Python 3.15.\n    return cast(Any, type_)._evaluate(globalns, localns, recursive_guard=set())\n\n<frozen importlib._bootstrap>:488\n  <frozen importlib._bootstrap>:488: DeprecationWarning: Type google._upb._message.MessageMapContainer uses PyType_Spec with a metaclass that has custom tp_new. This is deprecated and will no longer be allowed in Python 3.14.\n\n<frozen importlib._bootstrap>:488\n  <frozen importlib._bootstrap>:488: DeprecationWarning: Type google._upb._message.ScalarMapContainer uses PyType_Spec with a metaclass that has custom tp_new. This is deprecated and will no longer be allowed in Python 3.14.\n\nswarm/api/main.py:549\n  /Users/baileymahoney/AgentForge/swarm/api/main.py:549: DeprecationWarning: \n          on_event is deprecated, use lifespan event handlers instead.\n  \n          Read more about it in the\n          [FastAPI docs for Lifespan Events](https://fastapi.tiangolo.com/advanced/events/).\n          \n    @app.on_event(\"startup\")\n\n../.pyenv/versions/3.13.0/lib/python3.13/site-packages/fastapi/applications.py:4495\n  /Users/baileymahoney/.pyenv/versions/3.13.0/lib/python3.13/site-packages/fastapi/applications.py:4495: DeprecationWarning: \n          on_event is deprecated, use lifespan event handlers instead.\n  \n          Read more about it in the\n          [FastAPI docs for Lifespan Events](https://fastapi.tiangolo.com/advanced/events/).\n          \n    return self.router.on_event(event_type)\n\n-- Docs: https://docs.pytest.org/en/stable/how-to/capture-warnings.html\n===================== 2 deselected, 21 warnings in 10.56s ======================\n",
      "error": "",
      "traceback": ""
    },
    "tests/test_tool_executor_dlq.py": {
      "status": "FAIL",
      "duration": 0.3215458393096924,
      "output": "============================= test session starts ==============================\ncollected 1 item\n\ntests/test_tool_executor_dlq.py F                                        [100%]\n\n=================================== FAILURES ===================================\n______________________ test_dlq_on_non_retryable_failure _______________________\nasync def functions are not natively supported.\nYou need to install a suitable plugin for your async framework, for example:\n  - anyio\n  - pytest-asyncio\n  - pytest-tornasync\n  - pytest-trio\n  - pytest-twisted\n=============================== warnings summary ===============================\n../.pyenv/versions/3.13.0/lib/python3.13/site-packages/_pytest/config/__init__.py:1474\n  /Users/baileymahoney/.pyenv/versions/3.13.0/lib/python3.13/site-packages/_pytest/config/__init__.py:1474: PytestConfigWarning: Unknown config option: asyncio_mode\n  \n    self._warn_or_fail_if_strict(f\"Unknown config option: {key}\\n\")\n\n-- Docs: https://docs.pytest.org/en/stable/how-to/capture-warnings.html\n============================= slowest 25 durations =============================\n\n(3 durations < 0.005s hidden.  Use -vv to show these durations.)\n=========================== short test summary info ============================\nFAILED tests/test_tool_executor_dlq.py::test_dlq_on_non_retryable_failure - F...\n========================= 1 failed, 1 warning in 0.01s =========================\n",
      "error": "",
      "traceback": ""
    },
    "tests/test_tool_executor_idempotency.py": {
      "status": "PASS",
      "duration": 0.4710812568664551,
      "output": "============================= test session starts ==============================\ncollected 2 items\n\ntests/test_tool_executor_idempotency.py ..                               [100%]\n\n=============================== warnings summary ===============================\n../.pyenv/versions/3.13.0/lib/python3.13/site-packages/_pytest/config/__init__.py:1474\n  /Users/baileymahoney/.pyenv/versions/3.13.0/lib/python3.13/site-packages/_pytest/config/__init__.py:1474: PytestConfigWarning: Unknown config option: asyncio_mode\n  \n    self._warn_or_fail_if_strict(f\"Unknown config option: {key}\\n\")\n\n-- Docs: https://docs.pytest.org/en/stable/how-to/capture-warnings.html\n============================= slowest 25 durations =============================\n\n(6 durations < 0.005s hidden.  Use -vv to show these durations.)\n========================= 2 passed, 1 warning in 0.22s =========================\n",
      "error": "",
      "traceback": ""
    },
    "tests/test_tool_executor_operation_key.py": {
      "status": "FAIL",
      "duration": 0.20393800735473633,
      "output": "============================= test session starts ==============================\ncollected 1 item\n\ntests/test_tool_executor_operation_key.py F                              [100%]\n\n=================================== FAILURES ===================================\n_____________________ test_operation_key_idempotent_replay _____________________\nasync def functions are not natively supported.\nYou need to install a suitable plugin for your async framework, for example:\n  - anyio\n  - pytest-asyncio\n  - pytest-tornasync\n  - pytest-trio\n  - pytest-twisted\n=============================== warnings summary ===============================\n../.pyenv/versions/3.13.0/lib/python3.13/site-packages/_pytest/config/__init__.py:1474\n  /Users/baileymahoney/.pyenv/versions/3.13.0/lib/python3.13/site-packages/_pytest/config/__init__.py:1474: PytestConfigWarning: Unknown config option: asyncio_mode\n  \n    self._warn_or_fail_if_strict(f\"Unknown config option: {key}\\n\")\n\n-- Docs: https://docs.pytest.org/en/stable/how-to/capture-warnings.html\n============================= slowest 25 durations =============================\n\n(3 durations < 0.005s hidden.  Use -vv to show these durations.)\n=========================== short test summary info ============================\nFAILED tests/test_tool_executor_operation_key.py::test_operation_key_idempotent_replay\n========================= 1 failed, 1 warning in 0.01s =========================\n",
      "error": "",
      "traceback": ""
    },
    "tests/test_tool_executor_retry.py": {
      "status": "FAIL",
      "duration": 0.22148728370666504,
      "output": "============================= test session starts ==============================\ncollected 1 item\n\ntests/test_tool_executor_retry.py F                                      [100%]\n\n=================================== FAILURES ===================================\n__________________________ test_retry_and_idempotency __________________________\nasync def functions are not natively supported.\nYou need to install a suitable plugin for your async framework, for example:\n  - anyio\n  - pytest-asyncio\n  - pytest-tornasync\n  - pytest-trio\n  - pytest-twisted\n=============================== warnings summary ===============================\n../.pyenv/versions/3.13.0/lib/python3.13/site-packages/_pytest/config/__init__.py:1474\n  /Users/baileymahoney/.pyenv/versions/3.13.0/lib/python3.13/site-packages/_pytest/config/__init__.py:1474: PytestConfigWarning: Unknown config option: asyncio_mode\n  \n    self._warn_or_fail_if_strict(f\"Unknown config option: {key}\\n\")\n\n-- Docs: https://docs.pytest.org/en/stable/how-to/capture-warnings.html\n============================= slowest 25 durations =============================\n\n(3 durations < 0.005s hidden.  Use -vv to show these durations.)\n=========================== short test summary info ============================\nFAILED tests/test_tool_executor_retry.py::test_retry_and_idempotency - Failed...\n========================= 1 failed, 1 warning in 0.01s =========================\n",
      "error": "",
      "traceback": ""
    },
    "tests/test_tool_executor_retry_deterministic.py": {
      "status": "FAIL",
      "duration": 0.2101900577545166,
      "output": "============================= test session starts ==============================\ncollected 1 item\n\ntests/test_tool_executor_retry_deterministic.py F                        [100%]\n\n=================================== FAILURES ===================================\n________________________ test_deterministic_retry_flow _________________________\nasync def functions are not natively supported.\nYou need to install a suitable plugin for your async framework, for example:\n  - anyio\n  - pytest-asyncio\n  - pytest-tornasync\n  - pytest-trio\n  - pytest-twisted\n=============================== warnings summary ===============================\n../.pyenv/versions/3.13.0/lib/python3.13/site-packages/_pytest/config/__init__.py:1474\n  /Users/baileymahoney/.pyenv/versions/3.13.0/lib/python3.13/site-packages/_pytest/config/__init__.py:1474: PytestConfigWarning: Unknown config option: asyncio_mode\n  \n    self._warn_or_fail_if_strict(f\"Unknown config option: {key}\\n\")\n\n-- Docs: https://docs.pytest.org/en/stable/how-to/capture-warnings.html\n============================= slowest 25 durations =============================\n\n(3 durations < 0.005s hidden.  Use -vv to show these durations.)\n=========================== short test summary info ============================\nFAILED tests/test_tool_executor_retry_deterministic.py::test_deterministic_retry_flow\n========================= 1 failed, 1 warning in 0.01s =========================\n",
      "error": "",
      "traceback": ""
    }
  }
}