{
  "timestamp": 1757642188,
  "summary": {
    "total": 50,
    "passed": 2,
    "failed": 48,
    "timeouts": 0,
    "skipped": 0,
    "duration": 208.36752915382385,
    "integration_enabled": false
  },
  "results": {
    "local_drain_test.py": {
      "status": "FAIL",
      "duration": 0.2357800006866455,
      "output": "============================= test session starts ==============================\ncollected 0 items\n\n============================ no tests ran in 0.11s =============================\n",
      "error": "",
      "traceback": ""
    },
    "quick_test.py": {
      "status": "FAIL",
      "duration": 0.17855310440063477,
      "output": "============================= test session starts ==============================\ncollected 0 items / 1 error\n\n==================================== ERRORS ====================================\n________________________ ERROR collecting quick_test.py ________________________\n.venv/lib/python3.13/site-packages/_pytest/python.py:493: in importtestmodule\n    mod = import_path(\n.venv/lib/python3.13/site-packages/_pytest/pathlib.py:582: in import_path\n    importlib.import_module(module_name)\n/opt/homebrew/Cellar/python@3.13/3.13.7/Frameworks/Python.framework/Versions/3.13/lib/python3.13/importlib/__init__.py:88: in import_module\n    return _bootstrap._gcd_import(name[level:], package, level)\n<frozen importlib._bootstrap>:1387: in _gcd_import\n    ???\n<frozen importlib._bootstrap>:1360: in _find_and_load\n    ???\n<frozen importlib._bootstrap>:1331: in _find_and_load_unlocked\n    ???\n<frozen importlib._bootstrap>:935: in _load_unlocked\n    ???\n.venv/lib/python3.13/site-packages/_pytest/assertion/rewrite.py:175: in exec_module\n    source_stat, co = _rewrite_test(fn, self.config)\n.venv/lib/python3.13/site-packages/_pytest/assertion/rewrite.py:355: in _rewrite_test\n    tree = ast.parse(source, filename=strfn)\n/opt/homebrew/Cellar/python@3.13/3.13.7/Frameworks/Python.framework/Versions/3.13/lib/python3.13/ast.py:50: in parse\n    return compile(source, filename, mode, flags,\nE     File \"/Users/baileymahoney/AgentForge/quick_test.py\", line 1\nE       import time; def test_quick(): assert True\nE                    ^^^\nE   SyntaxError: invalid syntax\n=========================== short test summary info ============================\nERROR quick_test.py\n!!!!!!!!!!!!!!!!!!!! Interrupted: 1 error during collection !!!!!!!!!!!!!!!!!!!!\n=============================== 1 error in 0.09s ===============================\n",
      "error": "",
      "traceback": ""
    },
    "scripts/run_unstaller_tests.py": {
      "status": "FAIL",
      "duration": 0.10693097114562988,
      "output": "============================= test session starts ==============================\ncollected 0 items\n\n=============================== warnings summary ===============================\nscripts/run_unstaller_tests.py:22\n  /Users/baileymahoney/AgentForge/scripts/run_unstaller_tests.py:22: PytestCollectionWarning: cannot collect test class 'TestResult' because it has a __init__ constructor (from: scripts/run_unstaller_tests.py)\n    class TestResult:\n\n-- Docs: https://docs.pytest.org/en/stable/how-to/capture-warnings.html\n============================== 1 warning in 0.02s ==============================\n",
      "error": "",
      "traceback": ""
    },
    "simple_test.py": {
      "status": "PASS",
      "duration": 0.136185884475708,
      "output": "============================= test session starts ==============================\ncollected 1 item\n\nsimple_test.py .                                                         [100%]\n\n============================= slowest 25 durations =============================\n\n(3 durations < 0.005s hidden.  Use -vv to show these durations.)\n============================== 1 passed in 0.01s ===============================\n",
      "error": "",
      "traceback": ""
    },
    "test_alert_scenarios.py": {
      "status": "FAIL",
      "duration": 0.2659320831298828,
      "output": "============================= test session starts ==============================\ncollected 0 items\n\n============================ no tests ran in 0.17s =============================\n",
      "error": "",
      "traceback": ""
    },
    "test_isolated/test_minimal.py": {
      "status": "FAIL",
      "duration": 1.1075809001922607,
      "output": "============================= test session starts ==============================\ncollected 3 items\n\ntest_isolated/test_minimal.py ..F                                        [100%]\n\n=================================== FAILURES ===================================\n__________________________________ test_fails __________________________________\ntest_isolated/test_minimal.py:18: in test_fails\n    assert False, \"This test intentionally fails\"\nE   AssertionError: This test intentionally fails\nE   assert False\n=========================== short test summary info ============================\nFAILED test_isolated/test_minimal.py::test_fails - AssertionError: This test ...\n========================= 1 failed, 2 passed in 1.01s ==========================\n",
      "error": "",
      "traceback": ""
    },
    "test_jetstream_metrics.py": {
      "status": "PASS",
      "duration": 0.23491883277893066,
      "output": "============================= test session starts ==============================\ncollected 1 item\n\ntest_jetstream_metrics.py s                                              [100%]\n\n=============================== warnings summary ===============================\ntest_jetstream_metrics.py::test_jetstream_operations\n  /Users/baileymahoney/AgentForge/.venv/lib/python3.13/site-packages/_pytest/python.py:148: PytestUnhandledCoroutineWarning: async def functions are not natively supported and have been skipped.\n  You need to install a suitable plugin for your async framework, for example:\n    - anyio\n    - pytest-asyncio\n    - pytest-tornasync\n    - pytest-trio\n    - pytest-twisted\n    warnings.warn(PytestUnhandledCoroutineWarning(msg.format(nodeid)))\n\n-- Docs: https://docs.pytest.org/en/stable/how-to/capture-warnings.html\n============================= slowest 25 durations =============================\n\n(3 durations < 0.005s hidden.  Use -vv to show these durations.)\n=========================== short test summary info ============================\nSKIPPED [1] .venv/lib/python3.13/site-packages/_pytest/python.py:149: async def function and no async plugin installed (see warnings)\n======================== 1 skipped, 1 warning in 0.10s =========================\n",
      "error": "",
      "traceback": ""
    },
    "test_minimal.py": {
      "status": "FAIL",
      "duration": 1.1395068168640137,
      "output": "============================= test session starts ==============================\ncollected 3 items\n\ntest_minimal.py ..F                                                      [100%]\n\n=================================== FAILURES ===================================\n__________________________________ test_fails __________________________________\ntest_minimal.py:18: in test_fails\n    assert False, \"This test intentionally fails\"\nE   AssertionError: This test intentionally fails\nE   assert False\n============================= slowest 25 durations =============================\n1.01s call     test_minimal.py::test_slow_pass\n\n(8 durations < 0.005s hidden.  Use -vv to show these durations.)\n=========================== short test summary info ============================\nFAILED test_minimal.py::test_fails - AssertionError: This test intentionally ...\n========================= 1 failed, 2 passed in 1.04s ==========================\n",
      "error": "",
      "traceback": ""
    },
    "test_nats_connectivity.py": {
      "status": "FAIL",
      "duration": 0.15074896812438965,
      "output": "============================= test session starts ==============================\ncollected 0 items\n\n============================ no tests ran in 0.06s =============================\n",
      "error": "",
      "traceback": ""
    },
    "test_prometheus_rules.py": {
      "status": "FAIL",
      "duration": 0.1254739761352539,
      "output": "============================= test session starts ==============================\ncollected 0 items\n\n============================ no tests ran in 0.04s =============================\n",
      "error": "",
      "traceback": ""
    },
    "tests/conftest.py": {
      "status": "FAIL",
      "duration": 0.19185209274291992,
      "output": "============================= test session starts ==============================\ncollected 0 items\n\n============================ no tests ran in 0.01s =============================\n",
      "error": "",
      "traceback": ""
    },
    "tests/test_anthropic.py": {
      "status": "FAIL",
      "duration": 0.44194698333740234,
      "output": "============================= test session starts ==============================\ncollected 1 item\n\ntests/test_anthropic.py E                                                [100%]\n\n==================================== ERRORS ====================================\n______________ ERROR at setup of test_anthropic_client_constructs ______________\nScopeMismatch: You tried to access the function scoped fixture monkeypatch with a session scoped request object. Requesting fixture stack:\ntests/conftest.py:58:  def _isolate_env(monkeypatch)\nRequested fixture:\n.venv/lib/python3.13/site-packages/_pytest/monkeypatch.py:30:  def monkeypatch() -> 'Generator[MonkeyPatch]'\n============================= slowest 25 durations =============================\n\n(2 durations < 0.005s hidden.  Use -vv to show these durations.)\n=========================== short test summary info ============================\nERROR tests/test_anthropic.py::test_anthropic_client_constructs - Failed: Sco...\n=============================== 1 error in 0.24s ===============================\n",
      "error": "",
      "traceback": ""
    },
    "tests/test_api_job_status.py": {
      "status": "FAIL",
      "duration": 14.134965896606445,
      "output": "============================= test session starts ==============================\ncollected 1 item\n\ntests/test_api_job_status.py E                                           [100%]\n\n==================================== ERRORS ====================================\n_____________ ERROR at setup of test_job_status_includes_dag_hash ______________\nScopeMismatch: You tried to access the function scoped fixture monkeypatch with a session scoped request object. Requesting fixture stack:\ntests/conftest.py:58:  def _isolate_env(monkeypatch)\nRequested fixture:\n.venv/lib/python3.13/site-packages/_pytest/monkeypatch.py:30:  def monkeypatch() -> 'Generator[MonkeyPatch]'\n=============================== warnings summary ===============================\n.venv/lib/python3.13/site-packages/starlette/formparsers.py:12\n  /Users/baileymahoney/AgentForge/.venv/lib/python3.13/site-packages/starlette/formparsers.py:12: PendingDeprecationWarning: Please use `import python_multipart` instead.\n    import multipart\n\n.venv/lib/python3.13/site-packages/pydantic/v1/typing.py:68: 16 warnings\n  /Users/baileymahoney/AgentForge/.venv/lib/python3.13/site-packages/pydantic/v1/typing.py:68: DeprecationWarning: Failing to pass a value to the 'type_params' parameter of 'typing.ForwardRef._evaluate' is deprecated, as it leads to incorrect behaviour when calling typing.ForwardRef._evaluate on a stringified annotation that references a PEP 695 type parameter. It will be disallowed in Python 3.15.\n    return cast(Any, type_)._evaluate(globalns, localns, recursive_guard=set())\n\nswarm/api/main.py:549\n  /Users/baileymahoney/AgentForge/swarm/api/main.py:549: DeprecationWarning: \n          on_event is deprecated, use lifespan event handlers instead.\n  \n          Read more about it in the\n          [FastAPI docs for Lifespan Events](https://fastapi.tiangolo.com/advanced/events/).\n          \n    @app.on_event(\"startup\")\n\n.venv/lib/python3.13/site-packages/fastapi/applications.py:4495\n  /Users/baileymahoney/AgentForge/.venv/lib/python3.13/site-packages/fastapi/applications.py:4495: DeprecationWarning: \n          on_event is deprecated, use lifespan event handlers instead.\n  \n          Read more about it in the\n          [FastAPI docs for Lifespan Events](https://fastapi.tiangolo.com/advanced/events/).\n          \n    return self.router.on_event(event_type)\n\n-- Docs: https://docs.pytest.org/en/stable/how-to/capture-warnings.html\n============================= slowest 25 durations =============================\n\n(2 durations < 0.005s hidden.  Use -vv to show these durations.)\n=========================== short test summary info ============================\nERROR tests/test_api_job_status.py::test_job_status_includes_dag_hash - Faile...\n======================== 19 warnings, 1 error in 13.22s ========================\n",
      "error": "",
      "traceback": ""
    },
    "tests/test_approval.py": {
      "status": "FAIL",
      "duration": 11.863198041915894,
      "output": "============================= test session starts ==============================\ncollected 4 items\n\ntests/test_approval.py EEEE                                              [100%]\n\n==================================== ERRORS ====================================\n_______________ ERROR at setup of test_disabled_returns_approved _______________\nScopeMismatch: You tried to access the function scoped fixture monkeypatch with a session scoped request object. Requesting fixture stack:\ntests/conftest.py:58:  def _isolate_env(monkeypatch)\nRequested fixture:\n.venv/lib/python3.13/site-packages/_pytest/monkeypatch.py:30:  def monkeypatch() -> 'Generator[MonkeyPatch]'\n____ ERROR at setup of test_escalates_high_impact_low_conf_and_autoapproves ____\nScopeMismatch: You tried to access the function scoped fixture monkeypatch with a session scoped request object. Requesting fixture stack:\ntests/conftest.py:58:  def _isolate_env(monkeypatch)\nRequested fixture:\n.venv/lib/python3.13/site-packages/_pytest/monkeypatch.py:30:  def monkeypatch() -> 'Generator[MonkeyPatch]'\n___________ ERROR at setup of test_strict_blocks_without_autoapprove ___________\nScopeMismatch: You tried to access the function scoped fixture monkeypatch with a session scoped request object. Requesting fixture stack:\ntests/conftest.py:58:  def _isolate_env(monkeypatch)\nRequested fixture:\n.venv/lib/python3.13/site-packages/_pytest/monkeypatch.py:30:  def monkeypatch() -> 'Generator[MonkeyPatch]'\n_______________ ERROR at setup of test_evidence_bundle_endpoint ________________\nScopeMismatch: You tried to access the function scoped fixture monkeypatch with a session scoped request object. Requesting fixture stack:\ntests/conftest.py:58:  def _isolate_env(monkeypatch)\nRequested fixture:\n.venv/lib/python3.13/site-packages/_pytest/monkeypatch.py:30:  def monkeypatch() -> 'Generator[MonkeyPatch]'\n=============================== warnings summary ===============================\n.venv/lib/python3.13/site-packages/starlette/formparsers.py:12\n  /Users/baileymahoney/AgentForge/.venv/lib/python3.13/site-packages/starlette/formparsers.py:12: PendingDeprecationWarning: Please use `import python_multipart` instead.\n    import multipart\n\n.venv/lib/python3.13/site-packages/pydantic/v1/typing.py:68: 16 warnings\n  /Users/baileymahoney/AgentForge/.venv/lib/python3.13/site-packages/pydantic/v1/typing.py:68: DeprecationWarning: Failing to pass a value to the 'type_params' parameter of 'typing.ForwardRef._evaluate' is deprecated, as it leads to incorrect behaviour when calling typing.ForwardRef._evaluate on a stringified annotation that references a PEP 695 type parameter. It will be disallowed in Python 3.15.\n    return cast(Any, type_)._evaluate(globalns, localns, recursive_guard=set())\n\nswarm/api/main.py:549\n  /Users/baileymahoney/AgentForge/swarm/api/main.py:549: DeprecationWarning: \n          on_event is deprecated, use lifespan event handlers instead.\n  \n          Read more about it in the\n          [FastAPI docs for Lifespan Events](https://fastapi.tiangolo.com/advanced/events/).\n          \n    @app.on_event(\"startup\")\n\n.venv/lib/python3.13/site-packages/fastapi/applications.py:4495\n  /Users/baileymahoney/AgentForge/.venv/lib/python3.13/site-packages/fastapi/applications.py:4495: DeprecationWarning: \n          on_event is deprecated, use lifespan event handlers instead.\n  \n          Read more about it in the\n          [FastAPI docs for Lifespan Events](https://fastapi.tiangolo.com/advanced/events/).\n          \n    return self.router.on_event(event_type)\n\n-- Docs: https://docs.pytest.org/en/stable/how-to/capture-warnings.html\n============================= slowest 25 durations =============================\n\n(8 durations < 0.005s hidden.  Use -vv to show these durations.)\n=========================== short test summary info ============================\nERROR tests/test_approval.py::test_disabled_returns_approved - Failed: ScopeM...\nERROR tests/test_approval.py::test_escalates_high_impact_low_conf_and_autoapproves\nERROR tests/test_approval.py::test_strict_blocks_without_autoapprove - Failed...\nERROR tests/test_approval.py::test_evidence_bundle_endpoint - Failed: ScopeMi...\n======================= 19 warnings, 4 errors in 10.88s ========================\n",
      "error": "",
      "traceback": ""
    },
    "tests/test_async_dispatch.py": {
      "status": "FAIL",
      "duration": 0.2723073959350586,
      "output": "============================= test session starts ==============================\ncollected 0 items / 1 error\n\n==================================== ERRORS ====================================\n________________ ERROR collecting tests/test_async_dispatch.py _________________\n'asyncio' not found in `markers` configuration option\n=========================== short test summary info ============================\nERROR tests/test_async_dispatch.py - Failed: 'asyncio' not found in `markers`...\n!!!!!!!!!!!!!!!!!!!! Interrupted: 1 error during collection !!!!!!!!!!!!!!!!!!!!\n=============================== 1 error in 0.05s ===============================\n",
      "error": "",
      "traceback": ""
    },
    "tests/test_bearer_security.py": {
      "status": "FAIL",
      "duration": 11.550034999847412,
      "output": "============================= test session starts ==============================\ncollected 2 items\n\ntests/test_bearer_security.py EE                                         [100%]\n\n==================================== ERRORS ====================================\n___________ ERROR at setup of test_sse_requires_bearer_when_enabled ____________\nScopeMismatch: You tried to access the function scoped fixture monkeypatch with a session scoped request object. Requesting fixture stack:\ntests/conftest.py:58:  def _isolate_env(monkeypatch)\nRequested fixture:\n.venv/lib/python3.13/site-packages/_pytest/monkeypatch.py:30:  def monkeypatch() -> 'Generator[MonkeyPatch]'\n____________ ERROR at setup of test_ws_requires_bearer_when_enabled ____________\nScopeMismatch: You tried to access the function scoped fixture monkeypatch with a session scoped request object. Requesting fixture stack:\ntests/conftest.py:58:  def _isolate_env(monkeypatch)\nRequested fixture:\n.venv/lib/python3.13/site-packages/_pytest/monkeypatch.py:30:  def monkeypatch() -> 'Generator[MonkeyPatch]'\n=============================== warnings summary ===============================\n.venv/lib/python3.13/site-packages/starlette/formparsers.py:12\n  /Users/baileymahoney/AgentForge/.venv/lib/python3.13/site-packages/starlette/formparsers.py:12: PendingDeprecationWarning: Please use `import python_multipart` instead.\n    import multipart\n\n.venv/lib/python3.13/site-packages/pydantic/v1/typing.py:68: 16 warnings\n  /Users/baileymahoney/AgentForge/.venv/lib/python3.13/site-packages/pydantic/v1/typing.py:68: DeprecationWarning: Failing to pass a value to the 'type_params' parameter of 'typing.ForwardRef._evaluate' is deprecated, as it leads to incorrect behaviour when calling typing.ForwardRef._evaluate on a stringified annotation that references a PEP 695 type parameter. It will be disallowed in Python 3.15.\n    return cast(Any, type_)._evaluate(globalns, localns, recursive_guard=set())\n\nswarm/api/main.py:549\n  /Users/baileymahoney/AgentForge/swarm/api/main.py:549: DeprecationWarning: \n          on_event is deprecated, use lifespan event handlers instead.\n  \n          Read more about it in the\n          [FastAPI docs for Lifespan Events](https://fastapi.tiangolo.com/advanced/events/).\n          \n    @app.on_event(\"startup\")\n\n.venv/lib/python3.13/site-packages/fastapi/applications.py:4495\n  /Users/baileymahoney/AgentForge/.venv/lib/python3.13/site-packages/fastapi/applications.py:4495: DeprecationWarning: \n          on_event is deprecated, use lifespan event handlers instead.\n  \n          Read more about it in the\n          [FastAPI docs for Lifespan Events](https://fastapi.tiangolo.com/advanced/events/).\n          \n    return self.router.on_event(event_type)\n\n-- Docs: https://docs.pytest.org/en/stable/how-to/capture-warnings.html\n============================= slowest 25 durations =============================\n\n(4 durations < 0.005s hidden.  Use -vv to show these durations.)\n=========================== short test summary info ============================\nERROR tests/test_bearer_security.py::test_sse_requires_bearer_when_enabled - ...\nERROR tests/test_bearer_security.py::test_ws_requires_bearer_when_enabled - F...\n======================= 19 warnings, 2 errors in 10.59s ========================\n",
      "error": "",
      "traceback": ""
    },
    "tests/test_canary_eval_latency_budget.py": {
      "status": "FAIL",
      "duration": 11.373136043548584,
      "output": "============================= test session starts ==============================\ncollected 1 item\n\ntests/test_canary_eval_latency_budget.py E                               [100%]\n\n==================================== ERRORS ====================================\n_________ ERROR at setup of test_canary_eval_latency_budget_violation __________\nScopeMismatch: You tried to access the function scoped fixture monkeypatch with a session scoped request object. Requesting fixture stack:\ntests/conftest.py:58:  def _isolate_env(monkeypatch)\nRequested fixture:\n.venv/lib/python3.13/site-packages/_pytest/monkeypatch.py:30:  def monkeypatch() -> 'Generator[MonkeyPatch]'\n=============================== warnings summary ===============================\n.venv/lib/python3.13/site-packages/starlette/formparsers.py:12\n  /Users/baileymahoney/AgentForge/.venv/lib/python3.13/site-packages/starlette/formparsers.py:12: PendingDeprecationWarning: Please use `import python_multipart` instead.\n    import multipart\n\n.venv/lib/python3.13/site-packages/pydantic/v1/typing.py:68: 16 warnings\n  /Users/baileymahoney/AgentForge/.venv/lib/python3.13/site-packages/pydantic/v1/typing.py:68: DeprecationWarning: Failing to pass a value to the 'type_params' parameter of 'typing.ForwardRef._evaluate' is deprecated, as it leads to incorrect behaviour when calling typing.ForwardRef._evaluate on a stringified annotation that references a PEP 695 type parameter. It will be disallowed in Python 3.15.\n    return cast(Any, type_)._evaluate(globalns, localns, recursive_guard=set())\n\nswarm/api/main.py:549\n  /Users/baileymahoney/AgentForge/swarm/api/main.py:549: DeprecationWarning: \n          on_event is deprecated, use lifespan event handlers instead.\n  \n          Read more about it in the\n          [FastAPI docs for Lifespan Events](https://fastapi.tiangolo.com/advanced/events/).\n          \n    @app.on_event(\"startup\")\n\n.venv/lib/python3.13/site-packages/fastapi/applications.py:4495\n  /Users/baileymahoney/AgentForge/.venv/lib/python3.13/site-packages/fastapi/applications.py:4495: DeprecationWarning: \n          on_event is deprecated, use lifespan event handlers instead.\n  \n          Read more about it in the\n          [FastAPI docs for Lifespan Events](https://fastapi.tiangolo.com/advanced/events/).\n          \n    return self.router.on_event(event_type)\n\n-- Docs: https://docs.pytest.org/en/stable/how-to/capture-warnings.html\n============================= slowest 25 durations =============================\n\n(2 durations < 0.005s hidden.  Use -vv to show these durations.)\n=========================== short test summary info ============================\nERROR tests/test_canary_eval_latency_budget.py::test_canary_eval_latency_budget_violation\n======================== 19 warnings, 1 error in 10.47s ========================\n",
      "error": "",
      "traceback": ""
    },
    "tests/test_canary_restoration.py": {
      "status": "FAIL",
      "duration": 0.6586909294128418,
      "output": "============================= test session starts ==============================\ncollected 1 item\n\ntests/test_canary_restoration.py E                                       [100%]\n\n==================================== ERRORS ====================================\n__________________ ERROR at setup of test_canary_restoration ___________________\nScopeMismatch: You tried to access the function scoped fixture monkeypatch with a session scoped request object. Requesting fixture stack:\ntests/conftest.py:58:  def _isolate_env(monkeypatch)\nRequested fixture:\n.venv/lib/python3.13/site-packages/_pytest/monkeypatch.py:30:  def monkeypatch() -> 'Generator[MonkeyPatch]'\n=============================== warnings summary ===============================\n.venv/lib/python3.13/site-packages/starlette/formparsers.py:12\n  /Users/baileymahoney/AgentForge/.venv/lib/python3.13/site-packages/starlette/formparsers.py:12: PendingDeprecationWarning: Please use `import python_multipart` instead.\n    import multipart\n\n-- Docs: https://docs.pytest.org/en/stable/how-to/capture-warnings.html\n============================= slowest 25 durations =============================\n\n(2 durations < 0.005s hidden.  Use -vv to show these durations.)\n=========================== short test summary info ============================\nERROR tests/test_canary_restoration.py::test_canary_restoration - Failed: Sco...\n========================= 1 warning, 1 error in 0.31s ==========================\n",
      "error": "",
      "traceback": ""
    },
    "tests/test_canary_router.py": {
      "status": "FAIL",
      "duration": 0.4626779556274414,
      "output": "============================= test session starts ==============================\ncollected 2 items\n\ntests/test_canary_router.py EE                                           [100%]\n\n==================================== ERRORS ====================================\n_____________ ERROR at setup of test_canary_progress_and_promotion _____________\nScopeMismatch: You tried to access the function scoped fixture monkeypatch with a session scoped request object. Requesting fixture stack:\ntests/conftest.py:58:  def _isolate_env(monkeypatch)\nRequested fixture:\n.venv/lib/python3.13/site-packages/_pytest/monkeypatch.py:30:  def monkeypatch() -> 'Generator[MonkeyPatch]'\n__________ ERROR at setup of test_canary_regression_triggers_rollback __________\nScopeMismatch: You tried to access the function scoped fixture monkeypatch with a session scoped request object. Requesting fixture stack:\ntests/conftest.py:58:  def _isolate_env(monkeypatch)\nRequested fixture:\n.venv/lib/python3.13/site-packages/_pytest/monkeypatch.py:30:  def monkeypatch() -> 'Generator[MonkeyPatch]'\n=============================== warnings summary ===============================\n.venv/lib/python3.13/site-packages/starlette/formparsers.py:12\n  /Users/baileymahoney/AgentForge/.venv/lib/python3.13/site-packages/starlette/formparsers.py:12: PendingDeprecationWarning: Please use `import python_multipart` instead.\n    import multipart\n\n-- Docs: https://docs.pytest.org/en/stable/how-to/capture-warnings.html\n============================= slowest 25 durations =============================\n\n(4 durations < 0.005s hidden.  Use -vv to show these durations.)\n=========================== short test summary info ============================\nERROR tests/test_canary_router.py::test_canary_progress_and_promotion - Faile...\nERROR tests/test_canary_router.py::test_canary_regression_triggers_rollback\n========================= 1 warning, 2 errors in 0.26s =========================\n",
      "error": "",
      "traceback": ""
    },
    "tests/test_capabilities.py": {
      "status": "FAIL",
      "duration": 6.660170793533325,
      "output": "============================= test session starts ==============================\ncollected 1 item\n\ntests/test_capabilities.py E                                             [100%]\n\n==================================== ERRORS ====================================\n___________________ ERROR at setup of test_registry_and_caps ___________________\nScopeMismatch: You tried to access the function scoped fixture monkeypatch with a session scoped request object. Requesting fixture stack:\ntests/conftest.py:58:  def _isolate_env(monkeypatch)\nRequested fixture:\n.venv/lib/python3.13/site-packages/_pytest/monkeypatch.py:30:  def monkeypatch() -> 'Generator[MonkeyPatch]'\n=============================== warnings summary ===============================\n.venv/lib/python3.13/site-packages/starlette/formparsers.py:12\n  /Users/baileymahoney/AgentForge/.venv/lib/python3.13/site-packages/starlette/formparsers.py:12: PendingDeprecationWarning: Please use `import python_multipart` instead.\n    import multipart\n\n-- Docs: https://docs.pytest.org/en/stable/how-to/capture-warnings.html\n============================= slowest 25 durations =============================\n\n(2 durations < 0.005s hidden.  Use -vv to show these durations.)\n=========================== short test summary info ============================\nERROR tests/test_capabilities.py::test_registry_and_caps - Failed: ScopeMisma...\n========================= 1 warning, 1 error in 6.44s ==========================\n",
      "error": "",
      "traceback": ""
    },
    "tests/test_cost_accounting.py": {
      "status": "FAIL",
      "duration": 0.2547469139099121,
      "output": "============================= test session starts ==============================\ncollected 2 items\n\ntests/test_cost_accounting.py EE                                         [100%]\n\n==================================== ERRORS ====================================\n_______________ ERROR at setup of test_cost_and_tokens_counters ________________\nScopeMismatch: You tried to access the function scoped fixture monkeypatch with a session scoped request object. Requesting fixture stack:\ntests/conftest.py:58:  def _isolate_env(monkeypatch)\nRequested fixture:\n.venv/lib/python3.13/site-packages/_pytest/monkeypatch.py:30:  def monkeypatch() -> 'Generator[MonkeyPatch]'\n______________ ERROR at setup of test_policy_cost_budget_enforced ______________\nScopeMismatch: You tried to access the function scoped fixture monkeypatch with a session scoped request object. Requesting fixture stack:\ntests/conftest.py:58:  def _isolate_env(monkeypatch)\nRequested fixture:\n.venv/lib/python3.13/site-packages/_pytest/monkeypatch.py:30:  def monkeypatch() -> 'Generator[MonkeyPatch]'\n============================= slowest 25 durations =============================\n\n(4 durations < 0.005s hidden.  Use -vv to show these durations.)\n=========================== short test summary info ============================\nERROR tests/test_cost_accounting.py::test_cost_and_tokens_counters - Failed: ...\nERROR tests/test_cost_accounting.py::test_policy_cost_budget_enforced - Faile...\n============================== 2 errors in 0.07s ===============================\n",
      "error": "",
      "traceback": ""
    },
    "tests/test_critic_healer.py": {
      "status": "FAIL",
      "duration": 11.872420310974121,
      "output": "============================= test session starts ==============================\ncollected 1 item\n\ntests/test_critic_healer.py E                                            [100%]\n\n==================================== ERRORS ====================================\n_______ ERROR at setup of test_submit_with_critic_healer_promotes_canary _______\nScopeMismatch: You tried to access the function scoped fixture monkeypatch with a session scoped request object. Requesting fixture stack:\ntests/conftest.py:58:  def _isolate_env(monkeypatch)\nRequested fixture:\n.venv/lib/python3.13/site-packages/_pytest/monkeypatch.py:30:  def monkeypatch() -> 'Generator[MonkeyPatch]'\n=============================== warnings summary ===============================\n.venv/lib/python3.13/site-packages/starlette/formparsers.py:12\n  /Users/baileymahoney/AgentForge/.venv/lib/python3.13/site-packages/starlette/formparsers.py:12: PendingDeprecationWarning: Please use `import python_multipart` instead.\n    import multipart\n\n.venv/lib/python3.13/site-packages/pydantic/v1/typing.py:68: 16 warnings\n  /Users/baileymahoney/AgentForge/.venv/lib/python3.13/site-packages/pydantic/v1/typing.py:68: DeprecationWarning: Failing to pass a value to the 'type_params' parameter of 'typing.ForwardRef._evaluate' is deprecated, as it leads to incorrect behaviour when calling typing.ForwardRef._evaluate on a stringified annotation that references a PEP 695 type parameter. It will be disallowed in Python 3.15.\n    return cast(Any, type_)._evaluate(globalns, localns, recursive_guard=set())\n\nswarm/api/main.py:549\n  /Users/baileymahoney/AgentForge/swarm/api/main.py:549: DeprecationWarning: \n          on_event is deprecated, use lifespan event handlers instead.\n  \n          Read more about it in the\n          [FastAPI docs for Lifespan Events](https://fastapi.tiangolo.com/advanced/events/).\n          \n    @app.on_event(\"startup\")\n\n.venv/lib/python3.13/site-packages/fastapi/applications.py:4495\n  /Users/baileymahoney/AgentForge/.venv/lib/python3.13/site-packages/fastapi/applications.py:4495: DeprecationWarning: \n          on_event is deprecated, use lifespan event handlers instead.\n  \n          Read more about it in the\n          [FastAPI docs for Lifespan Events](https://fastapi.tiangolo.com/advanced/events/).\n          \n    return self.router.on_event(event_type)\n\n-- Docs: https://docs.pytest.org/en/stable/how-to/capture-warnings.html\n============================= slowest 25 durations =============================\n\n(2 durations < 0.005s hidden.  Use -vv to show these durations.)\n=========================== short test summary info ============================\nERROR tests/test_critic_healer.py::test_submit_with_critic_healer_promotes_canary\n======================== 19 warnings, 1 error in 10.98s ========================\n",
      "error": "",
      "traceback": ""
    },
    "tests/test_drift.py": {
      "status": "FAIL",
      "duration": 0.4611361026763916,
      "output": "============================= test session starts ==============================\ncollected 3 items\n\ntests/test_drift.py EEE                                                  [100%]\n\n==================================== ERRORS ====================================\n______________ ERROR at setup of test_drift_initializes_baseline _______________\nScopeMismatch: You tried to access the function scoped fixture monkeypatch with a session scoped request object. Requesting fixture stack:\ntests/conftest.py:58:  def _isolate_env(monkeypatch)\nRequested fixture:\n.venv/lib/python3.13/site-packages/_pytest/monkeypatch.py:30:  def monkeypatch() -> 'Generator[MonkeyPatch]'\n______________ ERROR at setup of test_drift_no_alert_small_shift _______________\nScopeMismatch: You tried to access the function scoped fixture monkeypatch with a session scoped request object. Requesting fixture stack:\ntests/conftest.py:58:  def _isolate_env(monkeypatch)\nRequested fixture:\n.venv/lib/python3.13/site-packages/_pytest/monkeypatch.py:30:  def monkeypatch() -> 'Generator[MonkeyPatch]'\n________________ ERROR at setup of test_drift_alert_large_shift ________________\nScopeMismatch: You tried to access the function scoped fixture monkeypatch with a session scoped request object. Requesting fixture stack:\ntests/conftest.py:58:  def _isolate_env(monkeypatch)\nRequested fixture:\n.venv/lib/python3.13/site-packages/_pytest/monkeypatch.py:30:  def monkeypatch() -> 'Generator[MonkeyPatch]'\n=============================== warnings summary ===============================\n.venv/lib/python3.13/site-packages/starlette/formparsers.py:12\n  /Users/baileymahoney/AgentForge/.venv/lib/python3.13/site-packages/starlette/formparsers.py:12: PendingDeprecationWarning: Please use `import python_multipart` instead.\n    import multipart\n\n-- Docs: https://docs.pytest.org/en/stable/how-to/capture-warnings.html\n============================= slowest 25 durations =============================\n\n(6 durations < 0.005s hidden.  Use -vv to show these durations.)\n=========================== short test summary info ============================\nERROR tests/test_drift.py::test_drift_initializes_baseline - Failed: ScopeMis...\nERROR tests/test_drift.py::test_drift_no_alert_small_shift - Failed: ScopeMis...\nERROR tests/test_drift.py::test_drift_alert_large_shift - Failed: ScopeMismat...\n========================= 1 warning, 3 errors in 0.18s =========================\n",
      "error": "",
      "traceback": ""
    },
    "tests/test_e2e_policy.py": {
      "status": "FAIL",
      "duration": 11.732326984405518,
      "output": "============================= test session starts ==============================\ncollected 2 items\n\ntests/test_e2e_policy.py EE                                              [100%]\n\n==================================== ERRORS ====================================\n______________ ERROR at setup of test_upload_and_submit_approved _______________\nScopeMismatch: You tried to access the function scoped fixture monkeypatch with a session scoped request object. Requesting fixture stack:\ntests/conftest.py:58:  def _isolate_env(monkeypatch)\nRequested fixture:\n.venv/lib/python3.13/site-packages/_pytest/monkeypatch.py:30:  def monkeypatch() -> 'Generator[MonkeyPatch]'\n______________ ERROR at setup of test_submit_rejected_when_errors ______________\nScopeMismatch: You tried to access the function scoped fixture monkeypatch with a session scoped request object. Requesting fixture stack:\ntests/conftest.py:58:  def _isolate_env(monkeypatch)\nRequested fixture:\n.venv/lib/python3.13/site-packages/_pytest/monkeypatch.py:30:  def monkeypatch() -> 'Generator[MonkeyPatch]'\n=============================== warnings summary ===============================\n.venv/lib/python3.13/site-packages/starlette/formparsers.py:12\n  /Users/baileymahoney/AgentForge/.venv/lib/python3.13/site-packages/starlette/formparsers.py:12: PendingDeprecationWarning: Please use `import python_multipart` instead.\n    import multipart\n\n.venv/lib/python3.13/site-packages/pydantic/v1/typing.py:68: 16 warnings\n  /Users/baileymahoney/AgentForge/.venv/lib/python3.13/site-packages/pydantic/v1/typing.py:68: DeprecationWarning: Failing to pass a value to the 'type_params' parameter of 'typing.ForwardRef._evaluate' is deprecated, as it leads to incorrect behaviour when calling typing.ForwardRef._evaluate on a stringified annotation that references a PEP 695 type parameter. It will be disallowed in Python 3.15.\n    return cast(Any, type_)._evaluate(globalns, localns, recursive_guard=set())\n\nswarm/api/main.py:549\n  /Users/baileymahoney/AgentForge/swarm/api/main.py:549: DeprecationWarning: \n          on_event is deprecated, use lifespan event handlers instead.\n  \n          Read more about it in the\n          [FastAPI docs for Lifespan Events](https://fastapi.tiangolo.com/advanced/events/).\n          \n    @app.on_event(\"startup\")\n\n.venv/lib/python3.13/site-packages/fastapi/applications.py:4495\n  /Users/baileymahoney/AgentForge/.venv/lib/python3.13/site-packages/fastapi/applications.py:4495: DeprecationWarning: \n          on_event is deprecated, use lifespan event handlers instead.\n  \n          Read more about it in the\n          [FastAPI docs for Lifespan Events](https://fastapi.tiangolo.com/advanced/events/).\n          \n    return self.router.on_event(event_type)\n\n-- Docs: https://docs.pytest.org/en/stable/how-to/capture-warnings.html\n============================= slowest 25 durations =============================\n\n(4 durations < 0.005s hidden.  Use -vv to show these durations.)\n=========================== short test summary info ============================\nERROR tests/test_e2e_policy.py::test_upload_and_submit_approved - Failed: Sco...\nERROR tests/test_e2e_policy.py::test_submit_rejected_when_errors - Failed: Sc...\n======================= 19 warnings, 2 errors in 10.72s ========================\n",
      "error": "",
      "traceback": ""
    },
    "tests/test_edge_disconnect_reconnect.py": {
      "status": "FAIL",
      "duration": 0.3501300811767578,
      "output": "============================= test session starts ==============================\ncollected 0 items / 1 error\n\n==================================== ERRORS ====================================\n___________ ERROR collecting tests/test_edge_disconnect_reconnect.py ___________\n'asyncio' not found in `markers` configuration option\n=========================== short test summary info ============================\nERROR tests/test_edge_disconnect_reconnect.py - Failed: 'asyncio' not found i...\n!!!!!!!!!!!!!!!!!!!! Interrupted: 1 error during collection !!!!!!!!!!!!!!!!!!!!\n=============================== 1 error in 0.09s ===============================\n",
      "error": "",
      "traceback": ""
    },
    "tests/test_edge_store_forward.py": {
      "status": "FAIL",
      "duration": 0.2526099681854248,
      "output": "============================= test session starts ==============================\ncollected 0 items / 1 error\n\n==================================== ERRORS ====================================\n______________ ERROR collecting tests/test_edge_store_forward.py _______________\n'asyncio' not found in `markers` configuration option\n=========================== short test summary info ============================\nERROR tests/test_edge_store_forward.py - Failed: 'asyncio' not found in `mark...\n!!!!!!!!!!!!!!!!!!!! Interrupted: 1 error during collection !!!!!!!!!!!!!!!!!!!!\n=============================== 1 error in 0.05s ===============================\n",
      "error": "",
      "traceback": ""
    },
    "tests/test_evidence_bundle.py": {
      "status": "FAIL",
      "duration": 11.63474726676941,
      "output": "============================= test session starts ==============================\ncollected 3 items\n\ntests/test_evidence_bundle.py EEE                                        [100%]\n\n==================================== ERRORS ====================================\n_______________ ERROR at setup of test_evidence_bundle_not_found _______________\nScopeMismatch: You tried to access the function scoped fixture monkeypatch with a session scoped request object. Requesting fixture stack:\ntests/conftest.py:58:  def _isolate_env(monkeypatch)\nRequested fixture:\n.venv/lib/python3.13/site-packages/_pytest/monkeypatch.py:30:  def monkeypatch() -> 'Generator[MonkeyPatch]'\n_________ ERROR at setup of test_evidence_bundle_reproducibility_flags _________\nScopeMismatch: You tried to access the function scoped fixture monkeypatch with a session scoped request object. Requesting fixture stack:\ntests/conftest.py:58:  def _isolate_env(monkeypatch)\nRequested fixture:\n.venv/lib/python3.13/site-packages/_pytest/monkeypatch.py:30:  def monkeypatch() -> 'Generator[MonkeyPatch]'\n__________ ERROR at setup of test_evidence_bundle_with_persisted_dag ___________\nScopeMismatch: You tried to access the function scoped fixture monkeypatch with a session scoped request object. Requesting fixture stack:\ntests/conftest.py:58:  def _isolate_env(monkeypatch)\nRequested fixture:\n.venv/lib/python3.13/site-packages/_pytest/monkeypatch.py:30:  def monkeypatch() -> 'Generator[MonkeyPatch]'\n=============================== warnings summary ===============================\n.venv/lib/python3.13/site-packages/starlette/formparsers.py:12\n  /Users/baileymahoney/AgentForge/.venv/lib/python3.13/site-packages/starlette/formparsers.py:12: PendingDeprecationWarning: Please use `import python_multipart` instead.\n    import multipart\n\n.venv/lib/python3.13/site-packages/pydantic/v1/typing.py:68: 16 warnings\n  /Users/baileymahoney/AgentForge/.venv/lib/python3.13/site-packages/pydantic/v1/typing.py:68: DeprecationWarning: Failing to pass a value to the 'type_params' parameter of 'typing.ForwardRef._evaluate' is deprecated, as it leads to incorrect behaviour when calling typing.ForwardRef._evaluate on a stringified annotation that references a PEP 695 type parameter. It will be disallowed in Python 3.15.\n    return cast(Any, type_)._evaluate(globalns, localns, recursive_guard=set())\n\nswarm/api/main.py:549\n  /Users/baileymahoney/AgentForge/swarm/api/main.py:549: DeprecationWarning: \n          on_event is deprecated, use lifespan event handlers instead.\n  \n          Read more about it in the\n          [FastAPI docs for Lifespan Events](https://fastapi.tiangolo.com/advanced/events/).\n          \n    @app.on_event(\"startup\")\n\n.venv/lib/python3.13/site-packages/fastapi/applications.py:4495\n  /Users/baileymahoney/AgentForge/.venv/lib/python3.13/site-packages/fastapi/applications.py:4495: DeprecationWarning: \n          on_event is deprecated, use lifespan event handlers instead.\n  \n          Read more about it in the\n          [FastAPI docs for Lifespan Events](https://fastapi.tiangolo.com/advanced/events/).\n          \n    return self.router.on_event(event_type)\n\n-- Docs: https://docs.pytest.org/en/stable/how-to/capture-warnings.html\n============================= slowest 25 durations =============================\n\n(6 durations < 0.005s hidden.  Use -vv to show these durations.)\n=========================== short test summary info ============================\nERROR tests/test_evidence_bundle.py::test_evidence_bundle_not_found - Failed:...\nERROR tests/test_evidence_bundle.py::test_evidence_bundle_reproducibility_flags\nERROR tests/test_evidence_bundle.py::test_evidence_bundle_with_persisted_dag\n======================= 19 warnings, 3 errors in 10.70s ========================\n",
      "error": "",
      "traceback": ""
    },
    "tests/test_fusion_latency_budget.py": {
      "status": "FAIL",
      "duration": 11.746662855148315,
      "output": "============================= test session starts ==============================\ncollected 1 item\n\ntests/test_fusion_latency_budget.py E                                    [100%]\n\n==================================== ERRORS ====================================\n____________ ERROR at setup of test_fusion_latency_budget_violation ____________\nScopeMismatch: You tried to access the function scoped fixture monkeypatch with a session scoped request object. Requesting fixture stack:\ntests/conftest.py:58:  def _isolate_env(monkeypatch)\nRequested fixture:\n.venv/lib/python3.13/site-packages/_pytest/monkeypatch.py:30:  def monkeypatch() -> 'Generator[MonkeyPatch]'\n=============================== warnings summary ===============================\n.venv/lib/python3.13/site-packages/starlette/formparsers.py:12\n  /Users/baileymahoney/AgentForge/.venv/lib/python3.13/site-packages/starlette/formparsers.py:12: PendingDeprecationWarning: Please use `import python_multipart` instead.\n    import multipart\n\n.venv/lib/python3.13/site-packages/pydantic/v1/typing.py:68: 16 warnings\n  /Users/baileymahoney/AgentForge/.venv/lib/python3.13/site-packages/pydantic/v1/typing.py:68: DeprecationWarning: Failing to pass a value to the 'type_params' parameter of 'typing.ForwardRef._evaluate' is deprecated, as it leads to incorrect behaviour when calling typing.ForwardRef._evaluate on a stringified annotation that references a PEP 695 type parameter. It will be disallowed in Python 3.15.\n    return cast(Any, type_)._evaluate(globalns, localns, recursive_guard=set())\n\nswarm/api/main.py:549\n  /Users/baileymahoney/AgentForge/swarm/api/main.py:549: DeprecationWarning: \n          on_event is deprecated, use lifespan event handlers instead.\n  \n          Read more about it in the\n          [FastAPI docs for Lifespan Events](https://fastapi.tiangolo.com/advanced/events/).\n          \n    @app.on_event(\"startup\")\n\n.venv/lib/python3.13/site-packages/fastapi/applications.py:4495\n  /Users/baileymahoney/AgentForge/.venv/lib/python3.13/site-packages/fastapi/applications.py:4495: DeprecationWarning: \n          on_event is deprecated, use lifespan event handlers instead.\n  \n          Read more about it in the\n          [FastAPI docs for Lifespan Events](https://fastapi.tiangolo.com/advanced/events/).\n          \n    return self.router.on_event(event_type)\n\n-- Docs: https://docs.pytest.org/en/stable/how-to/capture-warnings.html\n============================= slowest 25 durations =============================\n\n(2 durations < 0.005s hidden.  Use -vv to show these durations.)\n=========================== short test summary info ============================\nERROR tests/test_fusion_latency_budget.py::test_fusion_latency_budget_violation\n======================== 19 warnings, 1 error in 10.79s ========================\n",
      "error": "",
      "traceback": ""
    },
    "tests/test_fusion_pipeline.py": {
      "status": "FAIL",
      "duration": 11.492286920547485,
      "output": "============================= test session starts ==============================\ncollected 2 items\n\ntests/test_fusion_pipeline.py EE                                         [100%]\n\n==================================== ERRORS ====================================\n_____________ ERROR at setup of test_fusion_and_conformal_pipeline _____________\nScopeMismatch: You tried to access the function scoped fixture monkeypatch with a session scoped request object. Requesting fixture stack:\ntests/conftest.py:58:  def _isolate_env(monkeypatch)\nRequested fixture:\n.venv/lib/python3.13/site-packages/_pytest/monkeypatch.py:30:  def monkeypatch() -> 'Generator[MonkeyPatch]'\n_____________ ERROR at setup of test_fuse_calibrate_persist_track ______________\nScopeMismatch: You tried to access the function scoped fixture monkeypatch with a session scoped request object. Requesting fixture stack:\ntests/conftest.py:58:  def _isolate_env(monkeypatch)\nRequested fixture:\n.venv/lib/python3.13/site-packages/_pytest/monkeypatch.py:30:  def monkeypatch() -> 'Generator[MonkeyPatch]'\n=============================== warnings summary ===============================\n.venv/lib/python3.13/site-packages/starlette/formparsers.py:12\n  /Users/baileymahoney/AgentForge/.venv/lib/python3.13/site-packages/starlette/formparsers.py:12: PendingDeprecationWarning: Please use `import python_multipart` instead.\n    import multipart\n\n.venv/lib/python3.13/site-packages/pydantic/v1/typing.py:68: 16 warnings\n  /Users/baileymahoney/AgentForge/.venv/lib/python3.13/site-packages/pydantic/v1/typing.py:68: DeprecationWarning: Failing to pass a value to the 'type_params' parameter of 'typing.ForwardRef._evaluate' is deprecated, as it leads to incorrect behaviour when calling typing.ForwardRef._evaluate on a stringified annotation that references a PEP 695 type parameter. It will be disallowed in Python 3.15.\n    return cast(Any, type_)._evaluate(globalns, localns, recursive_guard=set())\n\nswarm/api/main.py:549\n  /Users/baileymahoney/AgentForge/swarm/api/main.py:549: DeprecationWarning: \n          on_event is deprecated, use lifespan event handlers instead.\n  \n          Read more about it in the\n          [FastAPI docs for Lifespan Events](https://fastapi.tiangolo.com/advanced/events/).\n          \n    @app.on_event(\"startup\")\n\n.venv/lib/python3.13/site-packages/fastapi/applications.py:4495\n  /Users/baileymahoney/AgentForge/.venv/lib/python3.13/site-packages/fastapi/applications.py:4495: DeprecationWarning: \n          on_event is deprecated, use lifespan event handlers instead.\n  \n          Read more about it in the\n          [FastAPI docs for Lifespan Events](https://fastapi.tiangolo.com/advanced/events/).\n          \n    return self.router.on_event(event_type)\n\n-- Docs: https://docs.pytest.org/en/stable/how-to/capture-warnings.html\n============================= slowest 25 durations =============================\n\n(4 durations < 0.005s hidden.  Use -vv to show these durations.)\n=========================== short test summary info ============================\nERROR tests/test_fusion_pipeline.py::test_fusion_and_conformal_pipeline - Fai...\nERROR tests/test_fusion_pipeline.py::test_fuse_calibrate_persist_track - Fail...\n======================= 19 warnings, 2 errors in 10.58s ========================\n",
      "error": "",
      "traceback": ""
    },
    "tests/test_fusion_roc_det.py": {
      "status": "FAIL",
      "duration": 0.45486903190612793,
      "output": "============================= test session starts ==============================\ncollected 1 item\n\ntests/test_fusion_roc_det.py E                                           [100%]\n\n==================================== ERRORS ====================================\n_____________________ ERROR at setup of test_roc_det_basic _____________________\nScopeMismatch: You tried to access the function scoped fixture monkeypatch with a session scoped request object. Requesting fixture stack:\ntests/conftest.py:58:  def _isolate_env(monkeypatch)\nRequested fixture:\n.venv/lib/python3.13/site-packages/_pytest/monkeypatch.py:30:  def monkeypatch() -> 'Generator[MonkeyPatch]'\n=============================== warnings summary ===============================\n.venv/lib/python3.13/site-packages/starlette/formparsers.py:12\n  /Users/baileymahoney/AgentForge/.venv/lib/python3.13/site-packages/starlette/formparsers.py:12: PendingDeprecationWarning: Please use `import python_multipart` instead.\n    import multipart\n\n-- Docs: https://docs.pytest.org/en/stable/how-to/capture-warnings.html\n============================= slowest 25 durations =============================\n\n(2 durations < 0.005s hidden.  Use -vv to show these durations.)\n=========================== short test summary info ============================\nERROR tests/test_fusion_roc_det.py::test_roc_det_basic - Failed: ScopeMismatc...\n========================= 1 warning, 1 error in 0.18s ==========================\n",
      "error": "",
      "traceback": ""
    },
    "tests/test_geojson_schema.py": {
      "status": "FAIL",
      "duration": 0.2931241989135742,
      "output": "============================= test session starts ==============================\ncollected 2 items\n\ntests/test_geojson_schema.py EE                                          [100%]\n\n==================================== ERRORS ====================================\n______________ ERROR at setup of test_marker_bounds_and_sanitize _______________\nScopeMismatch: You tried to access the function scoped fixture monkeypatch with a session scoped request object. Requesting fixture stack:\ntests/conftest.py:58:  def _isolate_env(monkeypatch)\nRequested fixture:\n.venv/lib/python3.13/site-packages/_pytest/monkeypatch.py:30:  def monkeypatch() -> 'Generator[MonkeyPatch]'\n_____________ ERROR at setup of test_zone_ring_closure_and_bounds ______________\nScopeMismatch: You tried to access the function scoped fixture monkeypatch with a session scoped request object. Requesting fixture stack:\ntests/conftest.py:58:  def _isolate_env(monkeypatch)\nRequested fixture:\n.venv/lib/python3.13/site-packages/_pytest/monkeypatch.py:30:  def monkeypatch() -> 'Generator[MonkeyPatch]'\n============================= slowest 25 durations =============================\n\n(4 durations < 0.005s hidden.  Use -vv to show these durations.)\n=========================== short test summary info ============================\nERROR tests/test_geojson_schema.py::test_marker_bounds_and_sanitize - Failed:...\nERROR tests/test_geojson_schema.py::test_zone_ring_closure_and_bounds - Faile...\n============================== 2 errors in 0.06s ===============================\n",
      "error": "",
      "traceback": ""
    },
    "tests/test_hf.py": {
      "status": "FAIL",
      "duration": 0.4959559440612793,
      "output": "============================= test session starts ==============================\ncollected 1 item\n\ntests/test_hf.py E                                                       [100%]\n\n==================================== ERRORS ====================================\n_______________________ ERROR at setup of test_hf_import _______________________\nScopeMismatch: You tried to access the function scoped fixture monkeypatch with a session scoped request object. Requesting fixture stack:\ntests/conftest.py:58:  def _isolate_env(monkeypatch)\nRequested fixture:\n.venv/lib/python3.13/site-packages/_pytest/monkeypatch.py:30:  def monkeypatch() -> 'Generator[MonkeyPatch]'\n============================= slowest 25 durations =============================\n\n(2 durations < 0.005s hidden.  Use -vv to show these durations.)\n=========================== short test summary info ============================\nERROR tests/test_hf.py::test_hf_import - Failed: ScopeMismatch: You tried to ...\n=============================== 1 error in 0.29s ===============================\n",
      "error": "",
      "traceback": ""
    },
    "tests/test_imports.py": {
      "status": "FAIL",
      "duration": 11.419494867324829,
      "output": "============================= test session starts ==============================\ncollected 5 items\n\ntests/test_imports.py EEEEE                                              [100%]\n\n==================================== ERRORS ====================================\n_____________________ ERROR at setup of test_stdlib_types ______________________\nScopeMismatch: You tried to access the function scoped fixture monkeypatch with a session scoped request object. Requesting fixture stack:\ntests/conftest.py:58:  def _isolate_env(monkeypatch)\nRequested fixture:\n.venv/lib/python3.13/site-packages/_pytest/monkeypatch.py:30:  def monkeypatch() -> 'Generator[MonkeyPatch]'\n_____________________ ERROR at setup of test_custom_types ______________________\nScopeMismatch: You tried to access the function scoped fixture monkeypatch with a session scoped request object. Requesting fixture stack:\ntests/conftest.py:58:  def _isolate_env(monkeypatch)\nRequested fixture:\n.venv/lib/python3.13/site-packages/_pytest/monkeypatch.py:30:  def monkeypatch() -> 'Generator[MonkeyPatch]'\n__________________ ERROR at setup of test_requests_installed ___________________\nScopeMismatch: You tried to access the function scoped fixture monkeypatch with a session scoped request object. Requesting fixture stack:\ntests/conftest.py:58:  def _isolate_env(monkeypatch)\nRequested fixture:\n.venv/lib/python3.13/site-packages/_pytest/monkeypatch.py:30:  def monkeypatch() -> 'Generator[MonkeyPatch]'\n__________________ ERROR at setup of test_no_circular_imports __________________\nScopeMismatch: You tried to access the function scoped fixture monkeypatch with a session scoped request object. Requesting fixture stack:\ntests/conftest.py:58:  def _isolate_env(monkeypatch)\nRequested fixture:\n.venv/lib/python3.13/site-packages/_pytest/monkeypatch.py:30:  def monkeypatch() -> 'Generator[MonkeyPatch]'\n____________________ ERROR at setup of test_router_imports _____________________\nScopeMismatch: You tried to access the function scoped fixture monkeypatch with a session scoped request object. Requesting fixture stack:\ntests/conftest.py:58:  def _isolate_env(monkeypatch)\nRequested fixture:\n.venv/lib/python3.13/site-packages/_pytest/monkeypatch.py:30:  def monkeypatch() -> 'Generator[MonkeyPatch]'\n=============================== warnings summary ===============================\n.venv/lib/python3.13/site-packages/starlette/formparsers.py:12\n  /Users/baileymahoney/AgentForge/.venv/lib/python3.13/site-packages/starlette/formparsers.py:12: PendingDeprecationWarning: Please use `import python_multipart` instead.\n    import multipart\n\n.venv/lib/python3.13/site-packages/pydantic/v1/typing.py:68: 16 warnings\n  /Users/baileymahoney/AgentForge/.venv/lib/python3.13/site-packages/pydantic/v1/typing.py:68: DeprecationWarning: Failing to pass a value to the 'type_params' parameter of 'typing.ForwardRef._evaluate' is deprecated, as it leads to incorrect behaviour when calling typing.ForwardRef._evaluate on a stringified annotation that references a PEP 695 type parameter. It will be disallowed in Python 3.15.\n    return cast(Any, type_)._evaluate(globalns, localns, recursive_guard=set())\n\n-- Docs: https://docs.pytest.org/en/stable/how-to/capture-warnings.html\n============================= slowest 25 durations =============================\n\n(10 durations < 0.005s hidden.  Use -vv to show these durations.)\n=========================== short test summary info ============================\nERROR tests/test_imports.py::test_stdlib_types - Failed: ScopeMismatch: You t...\nERROR tests/test_imports.py::test_custom_types - Failed: ScopeMismatch: You t...\nERROR tests/test_imports.py::test_requests_installed - Failed: ScopeMismatch:...\nERROR tests/test_imports.py::test_no_circular_imports - Failed: ScopeMismatch...\nERROR tests/test_imports.py::test_router_imports - Failed: ScopeMismatch: You...\n======================= 17 warnings, 5 errors in 10.50s ========================\n",
      "error": "",
      "traceback": ""
    },
    "tests/test_memory.py": {
      "status": "FAIL",
      "duration": 2.7057700157165527,
      "output": "============================= test session starts ==============================\ncollected 2 items\n\ntests/test_memory.py EE                                                  [100%]\n\n==================================== ERRORS ====================================\n_______________ ERROR at setup of test_semantic_search_min_score _______________\nScopeMismatch: You tried to access the function scoped fixture monkeypatch with a session scoped request object. Requesting fixture stack:\ntests/conftest.py:58:  def _isolate_env(monkeypatch)\nRequested fixture:\n.venv/lib/python3.13/site-packages/_pytest/monkeypatch.py:30:  def monkeypatch() -> 'Generator[MonkeyPatch]'\n________________ ERROR at setup of test_semantic_search_scopes _________________\nScopeMismatch: You tried to access the function scoped fixture monkeypatch with a session scoped request object. Requesting fixture stack:\ntests/conftest.py:58:  def _isolate_env(monkeypatch)\nRequested fixture:\n.venv/lib/python3.13/site-packages/_pytest/monkeypatch.py:30:  def monkeypatch() -> 'Generator[MonkeyPatch]'\n============================= slowest 25 durations =============================\n\n(4 durations < 0.005s hidden.  Use -vv to show these durations.)\n=========================== short test summary info ============================\nERROR tests/test_memory.py::test_semantic_search_min_score - Failed: ScopeMis...\nERROR tests/test_memory.py::test_semantic_search_scopes - Failed: ScopeMismat...\n============================== 2 errors in 2.12s ===============================\n",
      "error": "",
      "traceback": ""
    },
    "tests/test_memory_mesh.py": {
      "status": "FAIL",
      "duration": 0.369110107421875,
      "output": "============================= test session starts ==============================\ncollected 2 items\n\ntests/test_memory_mesh.py EE                                             [100%]\n\n==================================== ERRORS ====================================\n__________________ ERROR at setup of test_crdt_merge_and_get ___________________\nScopeMismatch: You tried to access the function scoped fixture monkeypatch with a session scoped request object. Requesting fixture stack:\ntests/conftest.py:58:  def _isolate_env(monkeypatch)\nRequested fixture:\n.venv/lib/python3.13/site-packages/_pytest/monkeypatch.py:30:  def monkeypatch() -> 'Generator[MonkeyPatch]'\n___________________ ERROR at setup of test_memory_mesh_scope ___________________\nScopeMismatch: You tried to access the function scoped fixture monkeypatch with a session scoped request object. Requesting fixture stack:\ntests/conftest.py:58:  def _isolate_env(monkeypatch)\nRequested fixture:\n.venv/lib/python3.13/site-packages/_pytest/monkeypatch.py:30:  def monkeypatch() -> 'Generator[MonkeyPatch]'\n============================= slowest 25 durations =============================\n\n(4 durations < 0.005s hidden.  Use -vv to show these durations.)\n=========================== short test summary info ============================\nERROR tests/test_memory_mesh.py::test_crdt_merge_and_get - Failed: ScopeMisma...\nERROR tests/test_memory_mesh.py::test_memory_mesh_scope - Failed: ScopeMismat...\n============================== 2 errors in 0.18s ===============================\n",
      "error": "",
      "traceback": ""
    },
    "tests/test_memory_store.py": {
      "status": "FAIL",
      "duration": 0.3606719970703125,
      "output": "============================= test session starts ==============================\ncollected 0 items / 1 error\n\n==================================== ERRORS ====================================\n_________________ ERROR collecting tests/test_memory_store.py __________________\n'asyncio' not found in `markers` configuration option\n=========================== short test summary info ============================\nERROR tests/test_memory_store.py - Failed: 'asyncio' not found in `markers` c...\n!!!!!!!!!!!!!!!!!!!! Interrupted: 1 error during collection !!!!!!!!!!!!!!!!!!!!\n=============================== 1 error in 0.15s ===============================\n",
      "error": "",
      "traceback": ""
    },
    "tests/test_metrics.py": {
      "status": "FAIL",
      "duration": 11.426794052124023,
      "output": "============================= test session starts ==============================\ncollected 2 items\n\ntests/test_metrics.py EE                                                 [100%]\n\n==================================== ERRORS ====================================\n___________________ ERROR at setup of test_metrics_endpoint ____________________\nScopeMismatch: You tried to access the function scoped fixture monkeypatch with a session scoped request object. Requesting fixture stack:\ntests/conftest.py:58:  def _isolate_env(monkeypatch)\nRequested fixture:\n.venv/lib/python3.13/site-packages/_pytest/monkeypatch.py:30:  def monkeypatch() -> 'Generator[MonkeyPatch]'\n_______________ ERROR at setup of test_dag_latency_budget_metric _______________\nScopeMismatch: You tried to access the function scoped fixture monkeypatch with a session scoped request object. Requesting fixture stack:\ntests/conftest.py:58:  def _isolate_env(monkeypatch)\nRequested fixture:\n.venv/lib/python3.13/site-packages/_pytest/monkeypatch.py:30:  def monkeypatch() -> 'Generator[MonkeyPatch]'\n=============================== warnings summary ===============================\n.venv/lib/python3.13/site-packages/starlette/formparsers.py:12\n  /Users/baileymahoney/AgentForge/.venv/lib/python3.13/site-packages/starlette/formparsers.py:12: PendingDeprecationWarning: Please use `import python_multipart` instead.\n    import multipart\n\n.venv/lib/python3.13/site-packages/pydantic/v1/typing.py:68: 16 warnings\n  /Users/baileymahoney/AgentForge/.venv/lib/python3.13/site-packages/pydantic/v1/typing.py:68: DeprecationWarning: Failing to pass a value to the 'type_params' parameter of 'typing.ForwardRef._evaluate' is deprecated, as it leads to incorrect behaviour when calling typing.ForwardRef._evaluate on a stringified annotation that references a PEP 695 type parameter. It will be disallowed in Python 3.15.\n    return cast(Any, type_)._evaluate(globalns, localns, recursive_guard=set())\n\nswarm/api/main.py:549\n  /Users/baileymahoney/AgentForge/swarm/api/main.py:549: DeprecationWarning: \n          on_event is deprecated, use lifespan event handlers instead.\n  \n          Read more about it in the\n          [FastAPI docs for Lifespan Events](https://fastapi.tiangolo.com/advanced/events/).\n          \n    @app.on_event(\"startup\")\n\n.venv/lib/python3.13/site-packages/fastapi/applications.py:4495\n  /Users/baileymahoney/AgentForge/.venv/lib/python3.13/site-packages/fastapi/applications.py:4495: DeprecationWarning: \n          on_event is deprecated, use lifespan event handlers instead.\n  \n          Read more about it in the\n          [FastAPI docs for Lifespan Events](https://fastapi.tiangolo.com/advanced/events/).\n          \n    return self.router.on_event(event_type)\n\n-- Docs: https://docs.pytest.org/en/stable/how-to/capture-warnings.html\n============================= slowest 25 durations =============================\n\n(4 durations < 0.005s hidden.  Use -vv to show these durations.)\n=========================== short test summary info ============================\nERROR tests/test_metrics.py::test_metrics_endpoint - Failed: ScopeMismatch: Y...\nERROR tests/test_metrics.py::test_dag_latency_budget_metric - Failed: ScopeMi...\n======================= 19 warnings, 2 errors in 10.52s ========================\n",
      "error": "",
      "traceback": ""
    },
    "tests/test_observability_context.py": {
      "status": "FAIL",
      "duration": 11.38132095336914,
      "output": "============================= test session starts ==============================\ncollected 3 items\n\ntests/test_observability_context.py EEE                                  [100%]\n\n==================================== ERRORS ====================================\n_______________ ERROR at setup of test_cost_metrics_with_context _______________\nScopeMismatch: You tried to access the function scoped fixture monkeypatch with a session scoped request object. Requesting fixture stack:\ntests/conftest.py:58:  def _isolate_env(monkeypatch)\nRequested fixture:\n.venv/lib/python3.13/site-packages/_pytest/monkeypatch.py:30:  def monkeypatch() -> 'Generator[MonkeyPatch]'\n__________________ ERROR at setup of test_tracing_tag_helper ___________________\nScopeMismatch: You tried to access the function scoped fixture monkeypatch with a session scoped request object. Requesting fixture stack:\ntests/conftest.py:58:  def _isolate_env(monkeypatch)\nRequested fixture:\n.venv/lib/python3.13/site-packages/_pytest/monkeypatch.py:30:  def monkeypatch() -> 'Generator[MonkeyPatch]'\n____________ ERROR at setup of test_task_latency_metrics_recording _____________\nScopeMismatch: You tried to access the function scoped fixture monkeypatch with a session scoped request object. Requesting fixture stack:\ntests/conftest.py:58:  def _isolate_env(monkeypatch)\nRequested fixture:\n.venv/lib/python3.13/site-packages/_pytest/monkeypatch.py:30:  def monkeypatch() -> 'Generator[MonkeyPatch]'\n=============================== warnings summary ===============================\n.venv/lib/python3.13/site-packages/starlette/formparsers.py:12\n  /Users/baileymahoney/AgentForge/.venv/lib/python3.13/site-packages/starlette/formparsers.py:12: PendingDeprecationWarning: Please use `import python_multipart` instead.\n    import multipart\n\n.venv/lib/python3.13/site-packages/pydantic/v1/typing.py:68: 16 warnings\n  /Users/baileymahoney/AgentForge/.venv/lib/python3.13/site-packages/pydantic/v1/typing.py:68: DeprecationWarning: Failing to pass a value to the 'type_params' parameter of 'typing.ForwardRef._evaluate' is deprecated, as it leads to incorrect behaviour when calling typing.ForwardRef._evaluate on a stringified annotation that references a PEP 695 type parameter. It will be disallowed in Python 3.15.\n    return cast(Any, type_)._evaluate(globalns, localns, recursive_guard=set())\n\nswarm/api/main.py:549\n  /Users/baileymahoney/AgentForge/swarm/api/main.py:549: DeprecationWarning: \n          on_event is deprecated, use lifespan event handlers instead.\n  \n          Read more about it in the\n          [FastAPI docs for Lifespan Events](https://fastapi.tiangolo.com/advanced/events/).\n          \n    @app.on_event(\"startup\")\n\n.venv/lib/python3.13/site-packages/fastapi/applications.py:4495\n  /Users/baileymahoney/AgentForge/.venv/lib/python3.13/site-packages/fastapi/applications.py:4495: DeprecationWarning: \n          on_event is deprecated, use lifespan event handlers instead.\n  \n          Read more about it in the\n          [FastAPI docs for Lifespan Events](https://fastapi.tiangolo.com/advanced/events/).\n          \n    return self.router.on_event(event_type)\n\n-- Docs: https://docs.pytest.org/en/stable/how-to/capture-warnings.html\n============================= slowest 25 durations =============================\n\n(6 durations < 0.005s hidden.  Use -vv to show these durations.)\n=========================== short test summary info ============================\nERROR tests/test_observability_context.py::test_cost_metrics_with_context - F...\nERROR tests/test_observability_context.py::test_tracing_tag_helper - Failed: ...\nERROR tests/test_observability_context.py::test_task_latency_metrics_recording\n======================= 19 warnings, 3 errors in 10.48s ========================\n",
      "error": "",
      "traceback": ""
    },
    "tests/test_planner.py": {
      "status": "FAIL",
      "duration": 6.837710857391357,
      "output": "============================= test session starts ==============================\ncollected 3 items\n\ntests/test_planner.py EEE                                                [100%]\n\n==================================== ERRORS ====================================\n_______________ ERROR at setup of test_planner_makes_fusion_plan _______________\nScopeMismatch: You tried to access the function scoped fixture monkeypatch with a session scoped request object. Requesting fixture stack:\ntests/conftest.py:58:  def _isolate_env(monkeypatch)\nRequested fixture:\n.venv/lib/python3.13/site-packages/_pytest/monkeypatch.py:30:  def monkeypatch() -> 'Generator[MonkeyPatch]'\n____________ ERROR at setup of test_dag_determinism_and_persistence ____________\nScopeMismatch: You tried to access the function scoped fixture monkeypatch with a session scoped request object. Requesting fixture stack:\ntests/conftest.py:58:  def _isolate_env(monkeypatch)\nRequested fixture:\n.venv/lib/python3.13/site-packages/_pytest/monkeypatch.py:30:  def monkeypatch() -> 'Generator[MonkeyPatch]'\n__________________ ERROR at setup of test_dag_hash_stability ___________________\nScopeMismatch: You tried to access the function scoped fixture monkeypatch with a session scoped request object. Requesting fixture stack:\ntests/conftest.py:58:  def _isolate_env(monkeypatch)\nRequested fixture:\n.venv/lib/python3.13/site-packages/_pytest/monkeypatch.py:30:  def monkeypatch() -> 'Generator[MonkeyPatch]'\n=============================== warnings summary ===============================\n.venv/lib/python3.13/site-packages/starlette/formparsers.py:12\n  /Users/baileymahoney/AgentForge/.venv/lib/python3.13/site-packages/starlette/formparsers.py:12: PendingDeprecationWarning: Please use `import python_multipart` instead.\n    import multipart\n\n-- Docs: https://docs.pytest.org/en/stable/how-to/capture-warnings.html\n============================= slowest 25 durations =============================\n\n(6 durations < 0.005s hidden.  Use -vv to show these durations.)\n=========================== short test summary info ============================\nERROR tests/test_planner.py::test_planner_makes_fusion_plan - Failed: ScopeMi...\nERROR tests/test_planner.py::test_dag_determinism_and_persistence - Failed: S...\nERROR tests/test_planner.py::test_dag_hash_stability - Failed: ScopeMismatch:...\n========================= 1 warning, 3 errors in 6.51s =========================\n",
      "error": "",
      "traceback": ""
    },
    "tests/test_results_sink.py": {
      "status": "FAIL",
      "duration": 0.3077051639556885,
      "output": "============================= test session starts ==============================\ncollected 0 items / 1 error\n\n==================================== ERRORS ====================================\n_________________ ERROR collecting tests/test_results_sink.py __________________\n'asyncio' not found in `markers` configuration option\n=========================== short test summary info ============================\nERROR tests/test_results_sink.py - Failed: 'asyncio' not found in `markers` c...\n!!!!!!!!!!!!!!!!!!!! Interrupted: 1 error during collection !!!!!!!!!!!!!!!!!!!!\n=============================== 1 error in 0.05s ===============================\n",
      "error": "",
      "traceback": ""
    },
    "tests/test_reviewer.py": {
      "status": "FAIL",
      "duration": 0.7400290966033936,
      "output": "============================= test session starts ==============================\ncollected 4 items\n\ntests/test_reviewer.py EEEE                                              [100%]\n\n==================================== ERRORS ====================================\n__________ ERROR at setup of test_review_results_annotations_no_heal ___________\nScopeMismatch: You tried to access the function scoped fixture monkeypatch with a session scoped request object. Requesting fixture stack:\ntests/conftest.py:58:  def _isolate_env(monkeypatch)\nRequested fixture:\n.venv/lib/python3.13/site-packages/_pytest/monkeypatch.py:30:  def monkeypatch() -> 'Generator[MonkeyPatch]'\n_______________ ERROR at setup of test_review_results_auto_heal ________________\nScopeMismatch: You tried to access the function scoped fixture monkeypatch with a session scoped request object. Requesting fixture stack:\ntests/conftest.py:58:  def _isolate_env(monkeypatch)\nRequested fixture:\n.venv/lib/python3.13/site-packages/_pytest/monkeypatch.py:30:  def monkeypatch() -> 'Generator[MonkeyPatch]'\n____________ ERROR at setup of test_review_tool_result_annotations _____________\nScopeMismatch: You tried to access the function scoped fixture monkeypatch with a session scoped request object. Requesting fixture stack:\ntests/conftest.py:58:  def _isolate_env(monkeypatch)\nRequested fixture:\n.venv/lib/python3.13/site-packages/_pytest/monkeypatch.py:30:  def monkeypatch() -> 'Generator[MonkeyPatch]'\n____________ ERROR at setup of test_adjudication_persists_feedback _____________\nScopeMismatch: You tried to access the function scoped fixture monkeypatch with a session scoped request object. Requesting fixture stack:\ntests/conftest.py:58:  def _isolate_env(monkeypatch)\nRequested fixture:\n.venv/lib/python3.13/site-packages/_pytest/monkeypatch.py:30:  def monkeypatch() -> 'Generator[MonkeyPatch]'\n=============================== warnings summary ===============================\n.venv/lib/python3.13/site-packages/starlette/formparsers.py:12\n  /Users/baileymahoney/AgentForge/.venv/lib/python3.13/site-packages/starlette/formparsers.py:12: PendingDeprecationWarning: Please use `import python_multipart` instead.\n    import multipart\n\n-- Docs: https://docs.pytest.org/en/stable/how-to/capture-warnings.html\n============================= slowest 25 durations =============================\n\n(8 durations < 0.005s hidden.  Use -vv to show these durations.)\n=========================== short test summary info ============================\nERROR tests/test_reviewer.py::test_review_results_annotations_no_heal - Faile...\nERROR tests/test_reviewer.py::test_review_results_auto_heal - Failed: ScopeMi...\nERROR tests/test_reviewer.py::test_review_tool_result_annotations - Failed: S...\nERROR tests/test_reviewer.py::test_adjudication_persists_feedback - Failed: S...\n========================= 1 warning, 4 errors in 0.38s =========================\n",
      "error": "",
      "traceback": ""
    },
    "tests/test_router.py": {
      "status": "FAIL",
      "duration": 11.674812316894531,
      "output": "============================= test session starts ==============================\ncollected 5 items\n\ntests/test_router.py EEEEE                                               [100%]\n\n==================================== ERRORS ====================================\n__________________ ERROR at setup of test_no_circular_imports __________________\nScopeMismatch: You tried to access the function scoped fixture monkeypatch with a session scoped request object. Requesting fixture stack:\ntests/conftest.py:58:  def _isolate_env(monkeypatch)\nRequested fixture:\n.venv/lib/python3.13/site-packages/_pytest/monkeypatch.py:30:  def monkeypatch() -> 'Generator[MonkeyPatch]'\n________________ ERROR at setup of test_policy_local_sensitive _________________\nScopeMismatch: You tried to access the function scoped fixture monkeypatch with a session scoped request object. Requesting fixture stack:\ntests/conftest.py:58:  def _isolate_env(monkeypatch)\nRequested fixture:\n.venv/lib/python3.13/site-packages/_pytest/monkeypatch.py:30:  def monkeypatch() -> 'Generator[MonkeyPatch]'\n____________________ ERROR at setup of test_policy_cost_cap ____________________\nScopeMismatch: You tried to access the function scoped fixture monkeypatch with a session scoped request object. Requesting fixture stack:\ntests/conftest.py:58:  def _isolate_env(monkeypatch)\nRequested fixture:\n.venv/lib/python3.13/site-packages/_pytest/monkeypatch.py:30:  def monkeypatch() -> 'Generator[MonkeyPatch]'\n____________________ ERROR at setup of test_latency_filter _____________________\nScopeMismatch: You tried to access the function scoped fixture monkeypatch with a session scoped request object. Requesting fixture stack:\ntests/conftest.py:58:  def _isolate_env(monkeypatch)\nRequested fixture:\n.venv/lib/python3.13/site-packages/_pytest/monkeypatch.py:30:  def monkeypatch() -> 'Generator[MonkeyPatch]'\n__________________ ERROR at setup of test_router_span_tagging __________________\nScopeMismatch: You tried to access the function scoped fixture monkeypatch with a session scoped request object. Requesting fixture stack:\ntests/conftest.py:58:  def _isolate_env(monkeypatch)\nRequested fixture:\n.venv/lib/python3.13/site-packages/_pytest/monkeypatch.py:30:  def monkeypatch() -> 'Generator[MonkeyPatch]'\n=============================== warnings summary ===============================\n.venv/lib/python3.13/site-packages/starlette/formparsers.py:12\n  /Users/baileymahoney/AgentForge/.venv/lib/python3.13/site-packages/starlette/formparsers.py:12: PendingDeprecationWarning: Please use `import python_multipart` instead.\n    import multipart\n\n.venv/lib/python3.13/site-packages/pydantic/v1/typing.py:68: 16 warnings\n  /Users/baileymahoney/AgentForge/.venv/lib/python3.13/site-packages/pydantic/v1/typing.py:68: DeprecationWarning: Failing to pass a value to the 'type_params' parameter of 'typing.ForwardRef._evaluate' is deprecated, as it leads to incorrect behaviour when calling typing.ForwardRef._evaluate on a stringified annotation that references a PEP 695 type parameter. It will be disallowed in Python 3.15.\n    return cast(Any, type_)._evaluate(globalns, localns, recursive_guard=set())\n\n-- Docs: https://docs.pytest.org/en/stable/how-to/capture-warnings.html\n============================= slowest 25 durations =============================\n\n(10 durations < 0.005s hidden.  Use -vv to show these durations.)\n=========================== short test summary info ============================\nERROR tests/test_router.py::test_no_circular_imports - Failed: ScopeMismatch:...\nERROR tests/test_router.py::test_policy_local_sensitive - Failed: ScopeMismat...\nERROR tests/test_router.py::test_policy_cost_cap - Failed: ScopeMismatch: You...\nERROR tests/test_router.py::test_latency_filter - Failed: ScopeMismatch: You ...\nERROR tests/test_router.py::test_router_span_tagging - Failed: ScopeMismatch:...\n======================= 17 warnings, 5 errors in 10.77s ========================\n",
      "error": "",
      "traceback": ""
    },
    "tests/test_span_attributes.py": {
      "status": "FAIL",
      "duration": 0.26531100273132324,
      "output": "============================= test session starts ==============================\ncollected 2 items\n\ntests/test_span_attributes.py EE                                         [100%]\n\n==================================== ERRORS ====================================\n_______________ ERROR at setup of test_span_tagging_mission_task _______________\nScopeMismatch: You tried to access the function scoped fixture monkeypatch with a session scoped request object. Requesting fixture stack:\ntests/conftest.py:58:  def _isolate_env(monkeypatch)\nRequested fixture:\n.venv/lib/python3.13/site-packages/_pytest/monkeypatch.py:30:  def monkeypatch() -> 'Generator[MonkeyPatch]'\n______________ ERROR at setup of test_set_dag_hash_span_attribute ______________\nScopeMismatch: You tried to access the function scoped fixture monkeypatch with a session scoped request object. Requesting fixture stack:\ntests/conftest.py:58:  def _isolate_env(monkeypatch)\nRequested fixture:\n.venv/lib/python3.13/site-packages/_pytest/monkeypatch.py:30:  def monkeypatch() -> 'Generator[MonkeyPatch]'\n============================= slowest 25 durations =============================\n\n(4 durations < 0.005s hidden.  Use -vv to show these durations.)\n=========================== short test summary info ============================\nERROR tests/test_span_attributes.py::test_span_tagging_mission_task - Failed:...\nERROR tests/test_span_attributes.py::test_set_dag_hash_span_attribute - Faile...\n============================== 2 errors in 0.04s ===============================\n",
      "error": "",
      "traceback": ""
    },
    "tests/test_sse_ws_security.py": {
      "status": "FAIL",
      "duration": 12.462374925613403,
      "output": "============================= test session starts ==============================\ncollected 4 items\n\ntests/test_sse_ws_security.py EEEE                                       [100%]\n\n==================================== ERRORS ====================================\n_________ ERROR at setup of test_sse_requires_client_cert_when_enabled _________\nScopeMismatch: You tried to access the function scoped fixture monkeypatch with a session scoped request object. Requesting fixture stack:\ntests/conftest.py:58:  def _isolate_env(monkeypatch)\nRequested fixture:\n.venv/lib/python3.13/site-packages/_pytest/monkeypatch.py:30:  def monkeypatch() -> 'Generator[MonkeyPatch]'\n_________ ERROR at setup of test_ws_requires_client_cert_when_enabled __________\nScopeMismatch: You tried to access the function scoped fixture monkeypatch with a session scoped request object. Requesting fixture stack:\ntests/conftest.py:58:  def _isolate_env(monkeypatch)\nRequested fixture:\n.venv/lib/python3.13/site-packages/_pytest/monkeypatch.py:30:  def monkeypatch() -> 'Generator[MonkeyPatch]'\n_________________ ERROR at setup of test_sse_global_rate_limit _________________\nScopeMismatch: You tried to access the function scoped fixture monkeypatch with a session scoped request object. Requesting fixture stack:\ntests/conftest.py:58:  def _isolate_env(monkeypatch)\nRequested fixture:\n.venv/lib/python3.13/site-packages/_pytest/monkeypatch.py:30:  def monkeypatch() -> 'Generator[MonkeyPatch]'\n_________________ ERROR at setup of test_ws_global_rate_limit __________________\nScopeMismatch: You tried to access the function scoped fixture monkeypatch with a session scoped request object. Requesting fixture stack:\ntests/conftest.py:58:  def _isolate_env(monkeypatch)\nRequested fixture:\n.venv/lib/python3.13/site-packages/_pytest/monkeypatch.py:30:  def monkeypatch() -> 'Generator[MonkeyPatch]'\n=============================== warnings summary ===============================\n.venv/lib/python3.13/site-packages/starlette/formparsers.py:12\n  /Users/baileymahoney/AgentForge/.venv/lib/python3.13/site-packages/starlette/formparsers.py:12: PendingDeprecationWarning: Please use `import python_multipart` instead.\n    import multipart\n\n.venv/lib/python3.13/site-packages/pydantic/v1/typing.py:68: 16 warnings\n  /Users/baileymahoney/AgentForge/.venv/lib/python3.13/site-packages/pydantic/v1/typing.py:68: DeprecationWarning: Failing to pass a value to the 'type_params' parameter of 'typing.ForwardRef._evaluate' is deprecated, as it leads to incorrect behaviour when calling typing.ForwardRef._evaluate on a stringified annotation that references a PEP 695 type parameter. It will be disallowed in Python 3.15.\n    return cast(Any, type_)._evaluate(globalns, localns, recursive_guard=set())\n\nswarm/api/main.py:549\n  /Users/baileymahoney/AgentForge/swarm/api/main.py:549: DeprecationWarning: \n          on_event is deprecated, use lifespan event handlers instead.\n  \n          Read more about it in the\n          [FastAPI docs for Lifespan Events](https://fastapi.tiangolo.com/advanced/events/).\n          \n    @app.on_event(\"startup\")\n\n.venv/lib/python3.13/site-packages/fastapi/applications.py:4495\n  /Users/baileymahoney/AgentForge/.venv/lib/python3.13/site-packages/fastapi/applications.py:4495: DeprecationWarning: \n          on_event is deprecated, use lifespan event handlers instead.\n  \n          Read more about it in the\n          [FastAPI docs for Lifespan Events](https://fastapi.tiangolo.com/advanced/events/).\n          \n    return self.router.on_event(event_type)\n\n-- Docs: https://docs.pytest.org/en/stable/how-to/capture-warnings.html\n============================= slowest 25 durations =============================\n\n(8 durations < 0.005s hidden.  Use -vv to show these durations.)\n=========================== short test summary info ============================\nERROR tests/test_sse_ws_security.py::test_sse_requires_client_cert_when_enabled\nERROR tests/test_sse_ws_security.py::test_ws_requires_client_cert_when_enabled\nERROR tests/test_sse_ws_security.py::test_sse_global_rate_limit - Failed: Sco...\nERROR tests/test_sse_ws_security.py::test_ws_global_rate_limit - Failed: Scop...\n======================= 19 warnings, 4 errors in 11.61s ========================\n",
      "error": "",
      "traceback": ""
    },
    "tests/test_sse_ws_stream.py": {
      "status": "FAIL",
      "duration": 11.561787843704224,
      "output": "============================= test session starts ==============================\ncollected 2 items\n\ntests/test_sse_ws_stream.py EE                                           [100%]\n\n==================================== ERRORS ====================================\n_________ ERROR at setup of test_sse_stream_emits_marker_and_heartbeat _________\nScopeMismatch: You tried to access the function scoped fixture monkeypatch with a session scoped request object. Requesting fixture stack:\ntests/conftest.py:58:  def _isolate_env(monkeypatch)\nRequested fixture:\n.venv/lib/python3.13/site-packages/_pytest/monkeypatch.py:30:  def monkeypatch() -> 'Generator[MonkeyPatch]'\n_________ ERROR at setup of test_ws_stream_emits_marker_and_heartbeat __________\nScopeMismatch: You tried to access the function scoped fixture monkeypatch with a session scoped request object. Requesting fixture stack:\ntests/conftest.py:58:  def _isolate_env(monkeypatch)\nRequested fixture:\n.venv/lib/python3.13/site-packages/_pytest/monkeypatch.py:30:  def monkeypatch() -> 'Generator[MonkeyPatch]'\n=============================== warnings summary ===============================\n.venv/lib/python3.13/site-packages/starlette/formparsers.py:12\n  /Users/baileymahoney/AgentForge/.venv/lib/python3.13/site-packages/starlette/formparsers.py:12: PendingDeprecationWarning: Please use `import python_multipart` instead.\n    import multipart\n\n.venv/lib/python3.13/site-packages/pydantic/v1/typing.py:68: 16 warnings\n  /Users/baileymahoney/AgentForge/.venv/lib/python3.13/site-packages/pydantic/v1/typing.py:68: DeprecationWarning: Failing to pass a value to the 'type_params' parameter of 'typing.ForwardRef._evaluate' is deprecated, as it leads to incorrect behaviour when calling typing.ForwardRef._evaluate on a stringified annotation that references a PEP 695 type parameter. It will be disallowed in Python 3.15.\n    return cast(Any, type_)._evaluate(globalns, localns, recursive_guard=set())\n\nswarm/api/main.py:549\n  /Users/baileymahoney/AgentForge/swarm/api/main.py:549: DeprecationWarning: \n          on_event is deprecated, use lifespan event handlers instead.\n  \n          Read more about it in the\n          [FastAPI docs for Lifespan Events](https://fastapi.tiangolo.com/advanced/events/).\n          \n    @app.on_event(\"startup\")\n\n.venv/lib/python3.13/site-packages/fastapi/applications.py:4495\n  /Users/baileymahoney/AgentForge/.venv/lib/python3.13/site-packages/fastapi/applications.py:4495: DeprecationWarning: \n          on_event is deprecated, use lifespan event handlers instead.\n  \n          Read more about it in the\n          [FastAPI docs for Lifespan Events](https://fastapi.tiangolo.com/advanced/events/).\n          \n    return self.router.on_event(event_type)\n\n-- Docs: https://docs.pytest.org/en/stable/how-to/capture-warnings.html\n============================= slowest 25 durations =============================\n\n(4 durations < 0.005s hidden.  Use -vv to show these durations.)\n=========================== short test summary info ============================\nERROR tests/test_sse_ws_stream.py::test_sse_stream_emits_marker_and_heartbeat\nERROR tests/test_sse_ws_stream.py::test_ws_stream_emits_marker_and_heartbeat\n======================= 19 warnings, 2 errors in 10.50s ========================\n",
      "error": "",
      "traceback": ""
    },
    "tests/test_tool_executor_dlq.py": {
      "status": "FAIL",
      "duration": 0.3190131187438965,
      "output": "============================= test session starts ==============================\ncollected 0 items / 1 error\n\n==================================== ERRORS ====================================\n_______________ ERROR collecting tests/test_tool_executor_dlq.py _______________\n'asyncio' not found in `markers` configuration option\n=========================== short test summary info ============================\nERROR tests/test_tool_executor_dlq.py - Failed: 'asyncio' not found in `marke...\n!!!!!!!!!!!!!!!!!!!! Interrupted: 1 error during collection !!!!!!!!!!!!!!!!!!!!\n=============================== 1 error in 0.05s ===============================\n",
      "error": "",
      "traceback": ""
    },
    "tests/test_tool_executor_idempotency.py": {
      "status": "FAIL",
      "duration": 0.438676118850708,
      "output": "============================= test session starts ==============================\ncollected 2 items\n\ntests/test_tool_executor_idempotency.py EE                               [100%]\n\n==================================== ERRORS ====================================\n______________ ERROR at setup of test_retry_backoff_deterministic ______________\nScopeMismatch: You tried to access the function scoped fixture monkeypatch with a session scoped request object. Requesting fixture stack:\ntests/conftest.py:58:  def _isolate_env(monkeypatch)\nRequested fixture:\n.venv/lib/python3.13/site-packages/_pytest/monkeypatch.py:30:  def monkeypatch() -> 'Generator[MonkeyPatch]'\n_________________ ERROR at setup of test_idempotency_key_reuse _________________\nScopeMismatch: You tried to access the function scoped fixture monkeypatch with a session scoped request object. Requesting fixture stack:\ntests/conftest.py:58:  def _isolate_env(monkeypatch)\nRequested fixture:\n.venv/lib/python3.13/site-packages/_pytest/monkeypatch.py:30:  def monkeypatch() -> 'Generator[MonkeyPatch]'\n============================= slowest 25 durations =============================\n\n(4 durations < 0.005s hidden.  Use -vv to show these durations.)\n=========================== short test summary info ============================\nERROR tests/test_tool_executor_idempotency.py::test_retry_backoff_deterministic\nERROR tests/test_tool_executor_idempotency.py::test_idempotency_key_reuse - F...\n============================== 2 errors in 0.20s ===============================\n",
      "error": "",
      "traceback": ""
    },
    "tests/test_tool_executor_operation_key.py": {
      "status": "FAIL",
      "duration": 0.21843194961547852,
      "output": "============================= test session starts ==============================\ncollected 0 items / 1 error\n\n==================================== ERRORS ====================================\n__________ ERROR collecting tests/test_tool_executor_operation_key.py __________\n'asyncio' not found in `markers` configuration option\n=========================== short test summary info ============================\nERROR tests/test_tool_executor_operation_key.py - Failed: 'asyncio' not found...\n!!!!!!!!!!!!!!!!!!!! Interrupted: 1 error during collection !!!!!!!!!!!!!!!!!!!!\n=============================== 1 error in 0.05s ===============================\n",
      "error": "",
      "traceback": ""
    },
    "tests/test_tool_executor_retry.py": {
      "status": "FAIL",
      "duration": 0.22565507888793945,
      "output": "============================= test session starts ==============================\ncollected 0 items / 1 error\n\n==================================== ERRORS ====================================\n______________ ERROR collecting tests/test_tool_executor_retry.py ______________\n'asyncio' not found in `markers` configuration option\n=========================== short test summary info ============================\nERROR tests/test_tool_executor_retry.py - Failed: 'asyncio' not found in `mar...\n!!!!!!!!!!!!!!!!!!!! Interrupted: 1 error during collection !!!!!!!!!!!!!!!!!!!!\n=============================== 1 error in 0.05s ===============================\n",
      "error": "",
      "traceback": ""
    },
    "tests/test_tool_executor_retry_deterministic.py": {
      "status": "FAIL",
      "duration": 0.22100520133972168,
      "output": "============================= test session starts ==============================\ncollected 0 items / 1 error\n\n==================================== ERRORS ====================================\n_______ ERROR collecting tests/test_tool_executor_retry_deterministic.py _______\n'asyncio' not found in `markers` configuration option\n=========================== short test summary info ============================\nERROR tests/test_tool_executor_retry_deterministic.py - Failed: 'asyncio' not...\n!!!!!!!!!!!!!!!!!!!! Interrupted: 1 error during collection !!!!!!!!!!!!!!!!!!!!\n=============================== 1 error in 0.05s ===============================\n",
      "error": "",
      "traceback": ""
    }
  }
}